<?xml version="1.0" encoding="UTF-8"?>
<coverage generated="1787581580660" clover="3.2.0">
  <project timestamp="1787581580660" name="All files">
    <metrics statements="71" coveredstatements="61" conditionals="74" coveredconditionals="57" methods="35" coveredmethods="25" elements="180" coveredelements="143" complexity="0" loc="71" ncloc="71" packages="1" files="5" classes="5"/>
    <file name="AppShell.tsx" path="/Users/nalla/Documents/Per/Dev/career-agent/apps/web/src/shared/ui/AppShell.tsx">
      <metrics statements="43" coveredstatements="33" conditionals="43" coveredconditionals="30" methods="24" coveredmethods="14"/>
      <line num="5" count="1" type="stmt"/>
      <line num="6" count="1" type="stmt"/>
      <line num="9" count="2" type="cond" truecount="1" falsecount="1"/>
      <line num="10" count="2" type="stmt"/>
      <line num="24" count="7" type="stmt"/>
      <line num="25" count="7" type="stmt"/>
      <line num="26" count="7" type="stmt"/>
      <line num="27" count="2" type="cond" truecount="2" falsecount="0"/>
      <line num="29" count="7" type="stmt"/>
      <line num="31" count="7" type="stmt"/>
      <line num="32" count="2" type="stmt"/>
      <line num="35" count="7" type="stmt"/>
      <line num="36" count="2" type="stmt"/>
      <line num="37" count="2" type="stmt"/>
      <line num="38" count="2" type="stmt"/>
      <line num="39" count="2" type="stmt"/>
      <line num="40" count="2" type="stmt"/>
      <line num="43" count="7" type="stmt"/>
      <line num="44" count="3" type="cond" truecount="2" falsecount="0"/>
      <line num="47" count="7" type="stmt"/>
      <line num="48" count="4" type="cond" truecount="2" falsecount="0"/>
      <line num="49" count="1" type="stmt"/>
      <line num="50" count="1" type="cond" truecount="1" falsecount="1"/>
      <line num="52" count="1" type="stmt"/>
      <line num="53" count="1" type="stmt"/>
      <line num="54" count="1" type="stmt"/>
      <line num="55" count="1" type="stmt"/>
      <line num="56" count="1" type="stmt"/>
      <line num="60" count="7" type="stmt"/>
      <line num="61" count="2" type="cond" truecount="2" falsecount="0"/>
      <line num="62" count="1" type="stmt"/>
      <line num="65" count="7" type="cond" truecount="2" falsecount="0"/>
      <line num="73" count="7" type="stmt"/>
      <line num="107" count="0" type="stmt"/>
      <line num="127" count="0" type="stmt"/>
      <line num="131" count="0" type="stmt"/>
      <line num="139" count="0" type="stmt"/>
      <line num="143" count="0" type="stmt"/>
      <line num="163" count="0" type="stmt"/>
      <line num="177" count="0" type="stmt"/>
      <line num="181" count="0" type="stmt"/>
      <line num="185" count="0" type="stmt"/>
      <line num="189" count="0" type="stmt"/>
    </file>
    <file name="Button.tsx" path="/Users/nalla/Documents/Per/Dev/career-agent/apps/web/src/shared/ui/Button.tsx">
      <metrics statements="2" coveredstatements="2" conditionals="18" coveredconditionals="16" methods="1" coveredmethods="1"/>
      <line num="28" count="2" type="stmt"/>
      <line num="39" count="2" type="stmt"/>
    </file>
    <file name="Modal.tsx" path="/Users/nalla/Documents/Per/Dev/career-agent/apps/web/src/shared/ui/Modal.tsx">
      <metrics statements="16" coveredstatements="16" conditionals="6" coveredconditionals="5" methods="6" coveredmethods="6"/>
      <line num="16" count="2" type="stmt"/>
      <line num="17" count="2" type="stmt"/>
      <line num="19" count="2" type="stmt"/>
      <line num="20" count="2" type="cond" truecount="2" falsecount="0"/>
      <line num="21" count="1" type="stmt"/>
      <line num="22" count="1" type="cond" truecount="1" falsecount="1"/>
      <line num="24" count="1" type="stmt"/>
      <line num="25" count="1" type="stmt"/>
      <line num="26" count="1" type="stmt"/>
      <line num="27" count="2" type="stmt"/>
      <line num="28" count="1" type="stmt"/>
      <line num="29" count="1" type="stmt"/>
      <line num="33" count="2" type="cond" truecount="2" falsecount="0"/>
      <line num="35" count="1" type="stmt"/>
      <line num="44" count="1" type="stmt"/>
      <line num="66" count="1" type="stmt"/>
    </file>
    <file name="ThemeProvider.tsx" path="/Users/nalla/Documents/Per/Dev/career-agent/apps/web/src/shared/ui/ThemeProvider.tsx">
      <metrics statements="9" coveredstatements="9" conditionals="7" coveredconditionals="6" methods="4" coveredmethods="4"/>
      <line num="6" count="1" type="stmt"/>
      <line num="9" count="3" type="cond" truecount="1" falsecount="1"/>
      <line num="10" count="3" type="stmt"/>
      <line num="11" count="3" type="cond" truecount="4" falsecount="0"/>
      <line num="21" count="3" type="stmt"/>
      <line num="23" count="3" type="stmt"/>
      <line num="24" count="3" type="stmt"/>
      <line num="25" count="3" type="stmt"/>
      <line num="28" count="3" type="stmt"/>
    </file>
    <file name="theme-context.ts" path="/Users/nalla/Documents/Per/Dev/career-agent/apps/web/src/shared/ui/theme-context.ts">
      <metrics statements="1" coveredstatements="1" conditionals="0" coveredconditionals="0" methods="0" coveredmethods="0"/>
      <line num="5" count="1" type="stmt"/>
    </file>
  </project>
</coverage>
