{"/Users/nalla/Documents/Per/Dev/career-agent/apps/web/src/features/dashboard/constants.ts": {"path":"/Users/nalla/Documents/Per/Dev/career-agent/apps/web/src/features/dashboard/constants.ts","statementMap":{"0":{"start":{"line":3,"column":54},"end":{"line":9,"column":null}},"1":{"start":{"line":12,"column":2},"end":{"line":12,"column":null}}},"fnMap":{"0":{"name":"formatStatus","decl":{"start":{"line":11,"column":16},"end":{"line":11,"column":29}},"loc":{"start":{"line":11,"column":45},"end":{"line":13,"column":null}},"line":11}},"branchMap":{},"s":{"0":1,"1":5},"f":{"0":5},"b":{},"meta":{"lastBranch":0,"lastFunction":1,"lastStatement":2,"seen":{"s:3:54:9:Infinity":0,"f:11:16:11:29":0,"s:12:2:12:Infinity":1},"fnNames":{}}}
,"/Users/nalla/Documents/Per/Dev/career-agent/apps/web/src/features/dashboard/components/ApplicationStatusSelect.tsx": {"path":"/Users/nalla/Documents/Per/Dev/career-agent/apps/web/src/features/dashboard/components/ApplicationStatusSelect.tsx","statementMap":{"0":{"start":{"line":13,"column":77},"end":{"line":16,"column":null}},"1":{"start":{"line":15,"column":26},"end":{"line":15,"column":63}},"2":{"start":{"line":24,"column":26},"end":{"line":24,"column":null}},"3":{"start":{"line":25,"column":14},"end":{"line":25,"column":null}},"4":{"start":{"line":26,"column":21},"end":{"line":26,"column":null}},"5":{"start":{"line":28,"column":18},"end":{"line":28,"column":null}},"6":{"start":{"line":28,"column":38},"end":{"line":28,"column":64}},"7":{"start":{"line":30,"column":2},"end":{"line":49,"column":null}},"8":{"start":{"line":31,"column":4},"end":{"line":31,"column":null}},"9":{"start":{"line":31,"column":15},"end":{"line":31,"column":null}},"10":{"start":{"line":33,"column":6},"end":{"line":35,"column":null}},"11":{"start":{"line":34,"column":8},"end":{"line":34,"column":null}},"12":{"start":{"line":38,"column":6},"end":{"line":41,"column":null}},"13":{"start":{"line":39,"column":8},"end":{"line":39,"column":null}},"14":{"start":{"line":40,"column":8},"end":{"line":40,"column":null}},"15":{"start":{"line":43,"column":4},"end":{"line":43,"column":null}},"16":{"start":{"line":44,"column":4},"end":{"line":44,"column":null}},"17":{"start":{"line":45,"column":4},"end":{"line":48,"column":null}},"18":{"start":{"line":46,"column":6},"end":{"line":46,"column":null}},"19":{"start":{"line":47,"column":6},"end":{"line":47,"column":null}},"20":{"start":{"line":52,"column":4},"end":{"line":54,"column":null}},"21":{"start":{"line":53,"column":6},"end":{"line":53,"column":null}},"22":{"start":{"line":55,"column":4},"end":{"line":55,"column":null}},"23":{"start":{"line":56,"column":4},"end":{"line":56,"column":null}},"24":{"start":{"line":59,"column":2},"end":{"line":92,"column":null}},"25":{"start":{"line":69,"column":23},"end":{"line":69,"column":null}},"26":{"start":{"line":69,"column":41},"end":{"line":69,"column":46}},"27":{"start":{"line":77,"column":12},"end":{"line":88,"column":null}},"28":{"start":{"line":83,"column":31},"end":{"line":83,"column":null}}},"fnMap":{"0":{"name":"(anonymous_0)","decl":{"start":{"line":15,"column":14},"end":{"line":15,"column":19}},"loc":{"start":{"line":15,"column":26},"end":{"line":15,"column":63}},"line":15},"1":{"name":"ApplicationStatusSelect","decl":{"start":{"line":18,"column":16},"end":{"line":18,"column":40}},"loc":{"start":{"line":23,"column":33},"end":{"line":94,"column":null}},"line":23},"2":{"name":"(anonymous_2)","decl":{"start":{"line":28,"column":26},"end":{"line":28,"column":32}},"loc":{"start":{"line":28,"column":38},"end":{"line":28,"column":64}},"line":28},"3":{"name":"(anonymous_3)","decl":{"start":{"line":30,"column":2},"end":{"line":30,"column":18}},"loc":{"start":{"line":30,"column":18},"end":{"line":49,"column":5}},"line":30},"4":{"name":"onClickOutside","decl":{"start":{"line":32,"column":13},"end":{"line":32,"column":28}},"loc":{"start":{"line":32,"column":47},"end":{"line":36,"column":null}},"line":32},"5":{"name":"onEscape","decl":{"start":{"line":37,"column":13},"end":{"line":37,"column":22}},"loc":{"start":{"line":37,"column":44},"end":{"line":42,"column":null}},"line":37},"6":{"name":"(anonymous_6)","decl":{"start":{"line":45,"column":4},"end":{"line":45,"column":17}},"loc":{"start":{"line":45,"column":17},"end":{"line":48,"column":null}},"line":45},"7":{"name":"select","decl":{"start":{"line":51,"column":11},"end":{"line":51,"column":18}},"loc":{"start":{"line":51,"column":33},"end":{"line":57,"column":null}},"line":51},"8":{"name":"(anonymous_8)","decl":{"start":{"line":69,"column":8},"end":{"line":69,"column":23}},"loc":{"start":{"line":69,"column":23},"end":{"line":69,"column":null}},"line":69},"9":{"name":"(anonymous_9)","decl":{"start":{"line":69,"column":23},"end":{"line":69,"column":32}},"loc":{"start":{"line":69,"column":41},"end":{"line":69,"column":46}},"line":69},"10":{"name":"(anonymous_10)","decl":{"start":{"line":76,"column":19},"end":{"line":76,"column":24}},"loc":{"start":{"line":77,"column":12},"end":{"line":88,"column":null}},"line":77},"11":{"name":"(anonymous_11)","decl":{"start":{"line":83,"column":16},"end":{"line":83,"column":31}},"loc":{"start":{"line":83,"column":31},"end":{"line":83,"column":null}},"line":83}},"branchMap":{"0":{"loc":{"start":{"line":28,"column":18},"end":{"line":28,"column":null}},"type":"binary-expr","locations":[{"start":{"line":28,"column":18},"end":{"line":28,"column":69}},{"start":{"line":28,"column":69},"end":{"line":28,"column":null}}],"line":28},"1":{"loc":{"start":{"line":28,"column":51},"end":{"line":28,"column":64}},"type":"binary-expr","locations":[{"start":{"line":28,"column":51},"end":{"line":28,"column":61}},{"start":{"line":28,"column":61},"end":{"line":28,"column":64}}],"line":28},"2":{"loc":{"start":{"line":31,"column":4},"end":{"line":31,"column":null}},"type":"if","locations":[{"start":{"line":31,"column":4},"end":{"line":31,"column":null}},{"start":{},"end":{}}],"line":31},"3":{"loc":{"start":{"line":33,"column":6},"end":{"line":35,"column":null}},"type":"if","locations":[{"start":{"line":33,"column":6},"end":{"line":35,"column":null}},{"start":{},"end":{}}],"line":33},"4":{"loc":{"start":{"line":33,"column":10},"end":{"line":33,"column":70}},"type":"binary-expr","locations":[{"start":{"line":33,"column":10},"end":{"line":33,"column":25}},{"start":{"line":33,"column":25},"end":{"line":33,"column":70}}],"line":33},"5":{"loc":{"start":{"line":38,"column":6},"end":{"line":41,"column":null}},"type":"if","locations":[{"start":{"line":38,"column":6},"end":{"line":41,"column":null}},{"start":{},"end":{}}],"line":38},"6":{"loc":{"start":{"line":52,"column":4},"end":{"line":54,"column":null}},"type":"if","locations":[{"start":{"line":52,"column":4},"end":{"line":54,"column":null}},{"start":{},"end":{}}],"line":52},"7":{"loc":{"start":{"line":74,"column":7},"end":{"line":92,"column":null}},"type":"binary-expr","locations":[{"start":{"line":74,"column":7},"end":{"line":74,"column":null}},{"start":{"line":75,"column":8},"end":{"line":92,"column":null}}],"line":74},"8":{"loc":{"start":{"line":80,"column":50},"end":{"line":80,"column":null}},"type":"cond-expr","locations":[{"start":{"line":80,"column":84},"end":{"line":80,"column":117}},{"start":{"line":80,"column":117},"end":{"line":80,"column":null}}],"line":80},"9":{"loc":{"start":{"line":80,"column":68},"end":{"line":80,"column":84}},"type":"binary-expr","locations":[{"start":{"line":80,"column":68},"end":{"line":80,"column":78}},{"start":{"line":80,"column":78},"end":{"line":80,"column":84}}],"line":80},"10":{"loc":{"start":{"line":82,"column":49},"end":{"line":82,"column":null}},"type":"binary-expr","locations":[{"start":{"line":82,"column":49},"end":{"line":82,"column":59}},{"start":{"line":82,"column":59},"end":{"line":82,"column":null}}],"line":82},"11":{"loc":{"start":{"line":86,"column":17},"end":{"line":87,"column":null}},"type":"binary-expr","locations":[{"start":{"line":86,"column":17},"end":{"line":86,"column":52}},{"start":{"line":86,"column":52},"end":{"line":87,"column":null}}],"line":86},"12":{"loc":{"start":{"line":86,"column":35},"end":{"line":86,"column":52}},"type":"binary-expr","locations":[{"start":{"line":86,"column":35},"end":{"line":86,"column":45}},{"start":{"line":86,"column":45},"end":{"line":86,"column":52}}],"line":86}},"s":{"0":1,"1":5,"2":3,"3":3,"4":3,"5":3,"6":6,"7":3,"8":3,"9":2,"10":1,"11":0,"12":0,"13":0,"14":0,"15":1,"16":1,"17":1,"18":1,"19":1,"20":1,"21":1,"22":1,"23":1,"24":3,"25":1,"26":1,"27":6,"28":1},"f":{"0":5,"1":3,"2":6,"3":3,"4":1,"5":0,"6":1,"7":1,"8":1,"9":1,"10":6,"11":1},"b":{"0":[3,0],"1":[6,0],"2":[2,1],"3":[0,1],"4":[1,1],"5":[0,0],"6":[1,0],"7":[3,1],"8":[1,5],"9":[6,0],"10":[6,0],"11":[6,1],"12":[6,0]},"meta":{"lastBranch":13,"lastFunction":12,"lastStatement":29,"seen":{"s:13:77:16:Infinity":0,"f:15:14:15:19":0,"s:15:26:15:63":1,"f:18:16:18:40":1,"s:24:26:24:Infinity":2,"s:25:14:25:Infinity":3,"s:26:21:26:Infinity":4,"s:28:18:28:Infinity":5,"b:28:18:28:69:28:69:28:Infinity":0,"f:28:26:28:32":2,"s:28:38:28:64":6,"b:28:51:28:61:28:61:28:64":1,"s:30:2:49:Infinity":7,"f:30:2:30:18":3,"b:31:4:31:Infinity:undefined:undefined:undefined:undefined":2,"s:31:4:31:Infinity":8,"s:31:15:31:Infinity":9,"f:32:13:32:28":4,"b:33:6:35:Infinity:undefined:undefined:undefined:undefined":3,"s:33:6:35:Infinity":10,"b:33:10:33:25:33:25:33:70":4,"s:34:8:34:Infinity":11,"f:37:13:37:22":5,"b:38:6:41:Infinity:undefined:undefined:undefined:undefined":5,"s:38:6:41:Infinity":12,"s:39:8:39:Infinity":13,"s:40:8:40:Infinity":14,"s:43:4:43:Infinity":15,"s:44:4:44:Infinity":16,"s:45:4:48:Infinity":17,"f:45:4:45:17":6,"s:46:6:46:Infinity":18,"s:47:6:47:Infinity":19,"f:51:11:51:18":7,"b:52:4:54:Infinity:undefined:undefined:undefined:undefined":6,"s:52:4:54:Infinity":20,"s:53:6:53:Infinity":21,"s:55:4:55:Infinity":22,"s:56:4:56:Infinity":23,"s:59:2:92:Infinity":24,"f:69:8:69:23":8,"s:69:23:69:Infinity":25,"f:69:23:69:32":9,"s:69:41:69:46":26,"b:74:7:74:Infinity:75:8:92:Infinity":7,"f:76:19:76:24":10,"s:77:12:88:Infinity":27,"b:80:84:80:117:80:117:80:Infinity":8,"b:80:68:80:78:80:78:80:84":9,"b:82:49:82:59:82:59:82:Infinity":10,"f:83:16:83:31":11,"s:83:31:83:Infinity":28,"b:86:17:86:52:86:52:87:Infinity":11,"b:86:35:86:45:86:45:86:52":12},"fnNames":{}}}
,"/Users/nalla/Documents/Per/Dev/career-agent/apps/web/src/features/dashboard/components/greeting.ts": {"path":"/Users/nalla/Documents/Per/Dev/career-agent/apps/web/src/features/dashboard/components/greeting.ts","statementMap":{"0":{"start":{"line":2,"column":2},"end":{"line":2,"column":null}},"1":{"start":{"line":2,"column":17},"end":{"line":2,"column":null}},"2":{"start":{"line":3,"column":2},"end":{"line":3,"column":null}},"3":{"start":{"line":3,"column":17},"end":{"line":3,"column":null}},"4":{"start":{"line":4,"column":2},"end":{"line":4,"column":null}}},"fnMap":{"0":{"name":"getGreeting","decl":{"start":{"line":1,"column":16},"end":{"line":1,"column":28}},"loc":{"start":{"line":1,"column":58},"end":{"line":5,"column":null}},"line":1}},"branchMap":{"0":{"loc":{"start":{"line":1,"column":28},"end":{"line":1,"column":58}},"type":"default-arg","locations":[{"start":{"line":1,"column":35},"end":{"line":1,"column":58}}],"line":1},"1":{"loc":{"start":{"line":2,"column":2},"end":{"line":2,"column":null}},"type":"if","locations":[{"start":{"line":2,"column":2},"end":{"line":2,"column":null}},{"start":{},"end":{}}],"line":2},"2":{"loc":{"start":{"line":3,"column":2},"end":{"line":3,"column":null}},"type":"if","locations":[{"start":{"line":3,"column":2},"end":{"line":3,"column":null}},{"start":{},"end":{}}],"line":3}},"s":{"0":6,"1":2,"2":4,"3":2,"4":2},"f":{"0":6},"b":{"0":[6],"1":[2,4],"2":[2,2]},"meta":{"lastBranch":3,"lastFunction":1,"lastStatement":5,"seen":{"f:1:16:1:28":0,"b:1:35:1:58":0,"b:2:2:2:Infinity:undefined:undefined:undefined:undefined":1,"s:2:2:2:Infinity":0,"s:2:17:2:Infinity":1,"b:3:2:3:Infinity:undefined:undefined:undefined:undefined":2,"s:3:2:3:Infinity":2,"s:3:17:3:Infinity":3,"s:4:2:4:Infinity":4},"fnNames":{}}}
,"/Users/nalla/Documents/Per/Dev/career-agent/apps/web/src/features/dashboard/components/matches/MatchGapAnalysis.tsx": {"path":"/Users/nalla/Documents/Per/Dev/career-agent/apps/web/src/features/dashboard/components/matches/MatchGapAnalysis.tsx","statementMap":{"0":{"start":{"line":6,"column":15},"end":{"line":6,"column":null}},"1":{"start":{"line":7,"column":2},"end":{"line":8,"column":null}},"2":{"start":{"line":8,"column":4},"end":{"line":8,"column":null}},"3":{"start":{"line":9,"column":2},"end":{"line":67,"column":null}},"4":{"start":{"line":18,"column":16},"end":{"line":18,"column":null}},"5":{"start":{"line":28,"column":30},"end":{"line":28,"column":null}},"6":{"start":{"line":30,"column":18},"end":{"line":31,"column":null}},"7":{"start":{"line":32,"column":16},"end":{"line":50,"column":null}},"8":{"start":{"line":61,"column":16},"end":{"line":61,"column":null}},"9":{"start":{"line":72,"column":2},"end":{"line":73,"column":null}},"10":{"start":{"line":73,"column":4},"end":{"line":73,"column":null}},"11":{"start":{"line":74,"column":2},"end":{"line":75,"column":null}},"12":{"start":{"line":75,"column":4},"end":{"line":75,"column":null}},"13":{"start":{"line":76,"column":2},"end":{"line":76,"column":null}}},"fnMap":{"0":{"name":"MatchGapAnalysis","decl":{"start":{"line":5,"column":16},"end":{"line":5,"column":33}},"loc":{"start":{"line":5,"column":71},"end":{"line":69,"column":null}},"line":5},"1":{"name":"(anonymous_1)","decl":{"start":{"line":17,"column":36},"end":{"line":17,"column":41}},"loc":{"start":{"line":18,"column":16},"end":{"line":18,"column":null}},"line":18},"2":{"name":"(anonymous_2)","decl":{"start":{"line":27,"column":20},"end":{"line":27,"column":25}},"loc":{"start":{"line":27,"column":40},"end":{"line":52,"column":15}},"line":27},"3":{"name":"(anonymous_3)","decl":{"start":{"line":60,"column":30},"end":{"line":60,"column":35}},"loc":{"start":{"line":61,"column":16},"end":{"line":61,"column":null}},"line":61},"4":{"name":"GapIcon","decl":{"start":{"line":71,"column":9},"end":{"line":71,"column":17}},"loc":{"start":{"line":71,"column":53},"end":{"line":77,"column":null}},"line":71}},"branchMap":{"0":{"loc":{"start":{"line":6,"column":15},"end":{"line":6,"column":null}},"type":"binary-expr","locations":[{"start":{"line":6,"column":15},"end":{"line":6,"column":37}},{"start":{"line":6,"column":37},"end":{"line":6,"column":null}}],"line":6},"1":{"loc":{"start":{"line":7,"column":2},"end":{"line":8,"column":null}},"type":"if","locations":[{"start":{"line":7,"column":2},"end":{"line":8,"column":null}},{"start":{},"end":{}}],"line":7},"2":{"loc":{"start":{"line":7,"column":6},"end":{"line":7,"column":null}},"type":"binary-expr","locations":[{"start":{"line":7,"column":6},"end":{"line":7,"column":27}},{"start":{"line":7,"column":27},"end":{"line":7,"column":64}},{"start":{"line":7,"column":64},"end":{"line":7,"column":null}}],"line":7},"3":{"loc":{"start":{"line":13,"column":9},"end":{"line":21,"column":null}},"type":"binary-expr","locations":[{"start":{"line":13,"column":9},"end":{"line":13,"column":null}},{"start":{"line":14,"column":10},"end":{"line":21,"column":null}}],"line":13},"4":{"loc":{"start":{"line":23,"column":9},"end":{"line":54,"column":null}},"type":"binary-expr","locations":[{"start":{"line":23,"column":9},"end":{"line":23,"column":null}},{"start":{"line":24,"column":10},"end":{"line":54,"column":null}}],"line":23},"5":{"loc":{"start":{"line":28,"column":30},"end":{"line":28,"column":null}},"type":"binary-expr","locations":[{"start":{"line":28,"column":30},"end":{"line":28,"column":41}},{"start":{"line":28,"column":41},"end":{"line":28,"column":72}},{"start":{"line":28,"column":72},"end":{"line":28,"column":null}}],"line":28},"6":{"loc":{"start":{"line":30,"column":18},"end":{"line":31,"column":null}},"type":"binary-expr","locations":[{"start":{"line":30,"column":18},"end":{"line":30,"column":null}},{"start":{"line":31,"column":18},"end":{"line":31,"column":null}}],"line":30},"7":{"loc":{"start":{"line":39,"column":26},"end":{"line":43,"column":null}},"type":"cond-expr","locations":[{"start":{"line":40,"column":30},"end":{"line":40,"column":null}},{"start":{"line":41,"column":30},"end":{"line":43,"column":null}}],"line":39},"8":{"loc":{"start":{"line":41,"column":30},"end":{"line":43,"column":null}},"type":"cond-expr","locations":[{"start":{"line":42,"column":32},"end":{"line":42,"column":null}},{"start":{"line":43,"column":32},"end":{"line":43,"column":null}}],"line":41},"9":{"loc":{"start":{"line":33,"column":57},"end":{"line":33,"column":null}},"type":"binary-expr","locations":[{"start":{"line":33,"column":57},"end":{"line":33,"column":66}},{"start":{"line":33,"column":66},"end":{"line":33,"column":null}}],"line":33},"10":{"loc":{"start":{"line":56,"column":9},"end":{"line":64,"column":null}},"type":"binary-expr","locations":[{"start":{"line":56,"column":9},"end":{"line":56,"column":null}},{"start":{"line":57,"column":10},"end":{"line":64,"column":null}}],"line":56},"11":{"loc":{"start":{"line":72,"column":2},"end":{"line":73,"column":null}},"type":"if","locations":[{"start":{"line":72,"column":2},"end":{"line":73,"column":null}},{"start":{},"end":{}}],"line":72},"12":{"loc":{"start":{"line":74,"column":2},"end":{"line":75,"column":null}},"type":"if","locations":[{"start":{"line":74,"column":2},"end":{"line":75,"column":null}},{"start":{},"end":{}}],"line":74}},"s":{"0":1,"1":1,"2":0,"3":1,"4":1,"5":1,"6":1,"7":1,"8":0,"9":1,"10":1,"11":0,"12":0,"13":0},"f":{"0":1,"1":1,"2":1,"3":0,"4":1},"b":{"0":[1,0],"1":[0,1],"2":[1,0,0],"3":[1,1],"4":[1,1],"5":[1,1,0],"6":[1,1],"7":[1,0],"8":[0,0],"9":[1,0],"10":[1,0],"11":[1,0],"12":[0,0]},"meta":{"lastBranch":13,"lastFunction":5,"lastStatement":14,"seen":{"f:5:16:5:33":0,"s:6:15:6:Infinity":0,"b:6:15:6:37:6:37:6:Infinity":0,"b:7:2:8:Infinity:undefined:undefined:undefined:undefined":1,"s:7:2:8:Infinity":1,"b:7:6:7:27:7:27:7:64:7:64:7:Infinity":2,"s:8:4:8:Infinity":2,"s:9:2:67:Infinity":3,"b:13:9:13:Infinity:14:10:21:Infinity":3,"f:17:36:17:41":1,"s:18:16:18:Infinity":4,"b:23:9:23:Infinity:24:10:54:Infinity":4,"f:27:20:27:25":2,"s:28:30:28:Infinity":5,"b:28:30:28:41:28:41:28:72:28:72:28:Infinity":5,"s:30:18:31:Infinity":6,"b:30:18:30:Infinity:31:18:31:Infinity":6,"s:32:16:50:Infinity":7,"b:40:30:40:Infinity:41:30:43:Infinity":7,"b:42:32:42:Infinity:43:32:43:Infinity":8,"b:33:57:33:66:33:66:33:Infinity":9,"b:56:9:56:Infinity:57:10:64:Infinity":10,"f:60:30:60:35":3,"s:61:16:61:Infinity":8,"f:71:9:71:17":4,"b:72:2:73:Infinity:undefined:undefined:undefined:undefined":11,"s:72:2:73:Infinity":9,"s:73:4:73:Infinity":10,"b:74:2:75:Infinity:undefined:undefined:undefined:undefined":12,"s:74:2:75:Infinity":11,"s:75:4:75:Infinity":12,"s:76:2:76:Infinity":13},"fnNames":{}}}
,"/Users/nalla/Documents/Per/Dev/career-agent/apps/web/src/features/profile/components/ProfileActions.tsx": {"path":"/Users/nalla/Documents/Per/Dev/career-agent/apps/web/src/features/profile/components/ProfileActions.tsx","statementMap":{"0":{"start":{"line":13,"column":2},"end":{"line":29,"column":null}}},"fnMap":{"0":{"name":"ProfileActions","decl":{"start":{"line":4,"column":16},"end":{"line":4,"column":31}},"loc":{"start":{"line":12,"column":3},"end":{"line":31,"column":null}},"line":12}},"branchMap":{},"s":{"0":2},"f":{"0":2},"b":{},"meta":{"lastBranch":0,"lastFunction":1,"lastStatement":1,"seen":{"f:4:16:4:31":0,"s:13:2:29:Infinity":0},"fnNames":{}}}
,"/Users/nalla/Documents/Per/Dev/career-agent/apps/web/src/shared/ui/AppShell.tsx": {"path":"/Users/nalla/Documents/Per/Dev/career-agent/apps/web/src/shared/ui/AppShell.tsx","statementMap":{"0":{"start":{"line":5,"column":21},"end":{"line":5,"column":null}},"1":{"start":{"line":6,"column":21},"end":{"line":6,"column":null}},"2":{"start":{"line":9,"column":2},"end":{"line":9,"column":null}},"3":{"start":{"line":9,"column":37},"end":{"line":9,"column":null}},"4":{"start":{"line":10,"column":2},"end":{"line":10,"column":null}},"5":{"start":{"line":24,"column":38},"end":{"line":24,"column":null}},"6":{"start":{"line":25,"column":36},"end":{"line":25,"column":null}},"7":{"start":{"line":26,"column":34},"end":{"line":28,"column":null}},"8":{"start":{"line":27,"column":10},"end":{"line":27,"column":null}},"9":{"start":{"line":29,"column":19},"end":{"line":29,"column":31}},"10":{"start":{"line":31,"column":2},"end":{"line":33,"column":null}},"11":{"start":{"line":32,"column":4},"end":{"line":32,"column":null}},"12":{"start":{"line":35,"column":2},"end":{"line":41,"column":null}},"13":{"start":{"line":36,"column":18},"end":{"line":36,"column":null}},"14":{"start":{"line":37,"column":10},"end":{"line":37,"column":null}},"15":{"start":{"line":37,"column":25},"end":{"line":37,"column":null}},"16":{"start":{"line":38,"column":4},"end":{"line":38,"column":null}},"17":{"start":{"line":39,"column":4},"end":{"line":39,"column":null}},"18":{"start":{"line":40,"column":4},"end":{"line":40,"column":null}},"19":{"start":{"line":40,"column":17},"end":{"line":40,"column":null}},"20":{"start":{"line":43,"column":2},"end":{"line":45,"column":null}},"21":{"start":{"line":44,"column":4},"end":{"line":44,"column":null}},"22":{"start":{"line":47,"column":2},"end":{"line":58,"column":null}},"23":{"start":{"line":48,"column":4},"end":{"line":48,"column":null}},"24":{"start":{"line":48,"column":21},"end":{"line":48,"column":null}},"25":{"start":{"line":49,"column":10},"end":{"line":51,"column":null}},"26":{"start":{"line":50,"column":6},"end":{"line":50,"column":null}},"27":{"start":{"line":50,"column":34},"end":{"line":50,"column":null}},"28":{"start":{"line":52,"column":4},"end":{"line":52,"column":null}},"29":{"start":{"line":53,"column":4},"end":{"line":53,"column":null}},"30":{"start":{"line":54,"column":4},"end":{"line":57,"column":null}},"31":{"start":{"line":55,"column":6},"end":{"line":55,"column":null}},"32":{"start":{"line":56,"column":6},"end":{"line":56,"column":null}},"33":{"start":{"line":60,"column":8},"end":{"line":63,"column":null}},"34":{"start":{"line":61,"column":4},"end":{"line":62,"column":null}},"35":{"start":{"line":61,"column":18},"end":{"line":61,"column":null}},"36":{"start":{"line":61,"column":42},"end":{"line":61,"column":47}},"37":{"start":{"line":62,"column":9},"end":{"line":62,"column":null}},"38":{"start":{"line":62,"column":35},"end":{"line":62,"column":43}},"39":{"start":{"line":65,"column":25},"end":{"line":71,"column":null}},"40":{"start":{"line":73,"column":2},"end":{"line":116,"column":null}},"41":{"start":{"line":107,"column":25},"end":{"line":107,"column":null}},"42":{"start":{"line":127,"column":2},"end":{"line":127,"column":null}},"43":{"start":{"line":131,"column":2},"end":{"line":134,"column":null}},"44":{"start":{"line":139,"column":2},"end":{"line":139,"column":null}},"45":{"start":{"line":143,"column":2},"end":{"line":146,"column":null}},"46":{"start":{"line":163,"column":2},"end":{"line":172,"column":null}},"47":{"start":{"line":177,"column":2},"end":{"line":177,"column":null}},"48":{"start":{"line":181,"column":2},"end":{"line":181,"column":null}},"49":{"start":{"line":185,"column":2},"end":{"line":185,"column":null}},"50":{"start":{"line":189,"column":2},"end":{"line":189,"column":null}}},"fnMap":{"0":{"name":"readStoredCollapsed","decl":{"start":{"line":8,"column":9},"end":{"line":8,"column":31}},"loc":{"start":{"line":8,"column":31},"end":{"line":11,"column":null}},"line":8},"1":{"name":"AppShell","decl":{"start":{"line":13,"column":16},"end":{"line":13,"column":25}},"loc":{"start":{"line":23,"column":3},"end":{"line":118,"column":null}},"line":23},"2":{"name":"(anonymous_2)","decl":{"start":{"line":26,"column":34},"end":{"line":26,"column":null}},"loc":{"start":{"line":27,"column":10},"end":{"line":27,"column":null}},"line":27},"3":{"name":"(anonymous_3)","decl":{"start":{"line":31,"column":2},"end":{"line":31,"column":18}},"loc":{"start":{"line":31,"column":18},"end":{"line":33,"column":5}},"line":31},"4":{"name":"(anonymous_4)","decl":{"start":{"line":35,"column":2},"end":{"line":35,"column":18}},"loc":{"start":{"line":35,"column":18},"end":{"line":41,"column":5}},"line":35},"5":{"name":"(anonymous_5)","decl":{"start":{"line":37,"column":10},"end":{"line":37,"column":25}},"loc":{"start":{"line":37,"column":25},"end":{"line":37,"column":null}},"line":37},"6":{"name":"(anonymous_6)","decl":{"start":{"line":40,"column":4},"end":{"line":40,"column":17}},"loc":{"start":{"line":40,"column":17},"end":{"line":40,"column":null}},"line":40},"7":{"name":"(anonymous_7)","decl":{"start":{"line":43,"column":2},"end":{"line":43,"column":18}},"loc":{"start":{"line":43,"column":18},"end":{"line":45,"column":5}},"line":43},"8":{"name":"(anonymous_8)","decl":{"start":{"line":47,"column":2},"end":{"line":47,"column":18}},"loc":{"start":{"line":47,"column":18},"end":{"line":58,"column":5}},"line":47},"9":{"name":"(anonymous_9)","decl":{"start":{"line":49,"column":10},"end":{"line":49,"column":23}},"loc":{"start":{"line":49,"column":48},"end":{"line":51,"column":null}},"line":49},"10":{"name":"(anonymous_10)","decl":{"start":{"line":54,"column":4},"end":{"line":54,"column":17}},"loc":{"start":{"line":54,"column":17},"end":{"line":57,"column":null}},"line":54},"11":{"name":"(anonymous_11)","decl":{"start":{"line":60,"column":8},"end":{"line":60,"column":26}},"loc":{"start":{"line":60,"column":26},"end":{"line":63,"column":null}},"line":60},"12":{"name":"(anonymous_12)","decl":{"start":{"line":61,"column":18},"end":{"line":61,"column":33}},"loc":{"start":{"line":61,"column":42},"end":{"line":61,"column":47}},"line":61},"13":{"name":"(anonymous_13)","decl":{"start":{"line":62,"column":9},"end":{"line":62,"column":23}},"loc":{"start":{"line":62,"column":35},"end":{"line":62,"column":43}},"line":62},"14":{"name":"(anonymous_14)","decl":{"start":{"line":107,"column":10},"end":{"line":107,"column":25}},"loc":{"start":{"line":107,"column":25},"end":{"line":107,"column":null}},"line":107},"15":{"name":"PageContainer","decl":{"start":{"line":120,"column":16},"end":{"line":120,"column":30}},"loc":{"start":{"line":126,"column":3},"end":{"line":128,"column":null}},"line":126},"16":{"name":"Sidebar","decl":{"start":{"line":130,"column":16},"end":{"line":130,"column":24}},"loc":{"start":{"line":130,"column":64},"end":{"line":136,"column":null}},"line":130},"17":{"name":"Topbar","decl":{"start":{"line":138,"column":16},"end":{"line":138,"column":23}},"loc":{"start":{"line":138,"column":63},"end":{"line":140,"column":null}},"line":138},"18":{"name":"MobileNav","decl":{"start":{"line":142,"column":16},"end":{"line":142,"column":26}},"loc":{"start":{"line":142,"column":66},"end":{"line":148,"column":null}},"line":142},"19":{"name":"PageHeader","decl":{"start":{"line":150,"column":16},"end":{"line":150,"column":27}},"loc":{"start":{"line":162,"column":3},"end":{"line":174,"column":null}},"line":162},"20":{"name":"Section","decl":{"start":{"line":176,"column":16},"end":{"line":176,"column":24}},"loc":{"start":{"line":176,"column":99},"end":{"line":178,"column":null}},"line":176},"21":{"name":"Stack","decl":{"start":{"line":180,"column":16},"end":{"line":180,"column":22}},"loc":{"start":{"line":180,"column":97},"end":{"line":182,"column":null}},"line":180},"22":{"name":"Inline","decl":{"start":{"line":184,"column":16},"end":{"line":184,"column":23}},"loc":{"start":{"line":184,"column":98},"end":{"line":186,"column":null}},"line":184},"23":{"name":"Grid","decl":{"start":{"line":188,"column":16},"end":{"line":188,"column":21}},"loc":{"start":{"line":188,"column":96},"end":{"line":190,"column":null}},"line":188}},"branchMap":{"0":{"loc":{"start":{"line":9,"column":2},"end":{"line":9,"column":null}},"type":"if","locations":[{"start":{"line":9,"column":2},"end":{"line":9,"column":null}},{"start":{},"end":{}}],"line":9},"1":{"loc":{"start":{"line":27,"column":10},"end":{"line":27,"column":null}},"type":"binary-expr","locations":[{"start":{"line":27,"column":10},"end":{"line":27,"column":43}},{"start":{"line":27,"column":43},"end":{"line":27,"column":null}}],"line":27},"2":{"loc":{"start":{"line":44,"column":46},"end":{"line":44,"column":67}},"type":"cond-expr","locations":[{"start":{"line":44,"column":58},"end":{"line":44,"column":64}},{"start":{"line":44,"column":64},"end":{"line":44,"column":67}}],"line":44},"3":{"loc":{"start":{"line":48,"column":4},"end":{"line":48,"column":null}},"type":"if","locations":[{"start":{"line":48,"column":4},"end":{"line":48,"column":null}},{"start":{},"end":{}}],"line":48},"4":{"loc":{"start":{"line":50,"column":6},"end":{"line":50,"column":null}},"type":"if","locations":[{"start":{"line":50,"column":6},"end":{"line":50,"column":null}},{"start":{},"end":{}}],"line":50},"5":{"loc":{"start":{"line":61,"column":4},"end":{"line":62,"column":null}},"type":"if","locations":[{"start":{"line":61,"column":4},"end":{"line":62,"column":null}},{"start":{"line":62,"column":9},"end":{"line":62,"column":null}}],"line":61},"6":{"loc":{"start":{"line":65,"column":25},"end":{"line":71,"column":null}},"type":"cond-expr","locations":[{"start":{"line":66,"column":6},"end":{"line":68,"column":null}},{"start":{"line":69,"column":6},"end":{"line":71,"column":null}}],"line":65},"7":{"loc":{"start":{"line":66,"column":6},"end":{"line":68,"column":null}},"type":"cond-expr","locations":[{"start":{"line":67,"column":8},"end":{"line":67,"column":null}},{"start":{"line":68,"column":8},"end":{"line":68,"column":null}}],"line":66},"8":{"loc":{"start":{"line":69,"column":6},"end":{"line":71,"column":null}},"type":"cond-expr","locations":[{"start":{"line":70,"column":8},"end":{"line":70,"column":null}},{"start":{"line":71,"column":8},"end":{"line":71,"column":null}}],"line":69},"9":{"loc":{"start":{"line":75,"column":34},"end":{"line":75,"column":71}},"type":"cond-expr","locations":[{"start":{"line":75,"column":46},"end":{"line":75,"column":69}},{"start":{"line":75,"column":69},"end":{"line":75,"column":71}}],"line":75},"10":{"loc":{"start":{"line":79,"column":25},"end":{"line":79,"column":null}},"type":"cond-expr","locations":[{"start":{"line":79,"column":36},"end":{"line":79,"column":49}},{"start":{"line":79,"column":49},"end":{"line":79,"column":null}}],"line":79},"11":{"loc":{"start":{"line":85,"column":11},"end":{"line":94,"column":null}},"type":"cond-expr","locations":[{"start":{"line":86,"column":12},"end":{"line":91,"column":null}},{"start":{"line":91,"column":14},"end":{"line":94,"column":null}}],"line":85},"12":{"loc":{"start":{"line":86,"column":12},"end":{"line":91,"column":null}},"type":"cond-expr","locations":[{"start":{"line":87,"column":14},"end":{"line":89,"column":15}},{"start":{"line":89,"column":14},"end":{"line":91,"column":null}}],"line":86},"13":{"loc":{"start":{"line":91,"column":14},"end":{"line":94,"column":null}},"type":"cond-expr","locations":[{"start":{"line":92,"column":12},"end":{"line":94,"column":13}},{"start":{"line":94,"column":12},"end":{"line":94,"column":null}}],"line":91},"14":{"loc":{"start":{"line":99,"column":42},"end":{"line":99,"column":null}},"type":"cond-expr","locations":[{"start":{"line":99,"column":55},"end":{"line":99,"column":79}},{"start":{"line":99,"column":79},"end":{"line":99,"column":null}}],"line":99},"15":{"loc":{"start":{"line":102,"column":7},"end":{"line":108,"column":null}},"type":"binary-expr","locations":[{"start":{"line":102,"column":7},"end":{"line":102,"column":null}},{"start":{"line":103,"column":8},"end":{"line":108,"column":null}}],"line":102},"16":{"loc":{"start":{"line":122,"column":2},"end":{"line":122,"column":null}},"type":"default-arg","locations":[{"start":{"line":122,"column":14},"end":{"line":122,"column":null}}],"line":122},"17":{"loc":{"start":{"line":166,"column":9},"end":{"line":166,"column":null}},"type":"binary-expr","locations":[{"start":{"line":166,"column":9},"end":{"line":166,"column":20}},{"start":{"line":166,"column":20},"end":{"line":166,"column":null}}],"line":166},"18":{"loc":{"start":{"line":168,"column":9},"end":{"line":168,"column":null}},"type":"binary-expr","locations":[{"start":{"line":168,"column":9},"end":{"line":168,"column":24}},{"start":{"line":168,"column":24},"end":{"line":168,"column":null}}],"line":168},"19":{"loc":{"start":{"line":171,"column":7},"end":{"line":172,"column":null}},"type":"binary-expr","locations":[{"start":{"line":171,"column":7},"end":{"line":171,"column":18}},{"start":{"line":171,"column":18},"end":{"line":172,"column":null}}],"line":171},"20":{"loc":{"start":{"line":176,"column":36},"end":{"line":176,"column":99}},"type":"default-arg","locations":[{"start":{"line":176,"column":48},"end":{"line":176,"column":99}}],"line":176},"21":{"loc":{"start":{"line":180,"column":34},"end":{"line":180,"column":97}},"type":"default-arg","locations":[{"start":{"line":180,"column":46},"end":{"line":180,"column":97}}],"line":180},"22":{"loc":{"start":{"line":184,"column":35},"end":{"line":184,"column":98}},"type":"default-arg","locations":[{"start":{"line":184,"column":47},"end":{"line":184,"column":98}}],"line":184},"23":{"loc":{"start":{"line":188,"column":33},"end":{"line":188,"column":96}},"type":"default-arg","locations":[{"start":{"line":188,"column":45},"end":{"line":188,"column":96}}],"line":188}},"s":{"0":1,"1":1,"2":2,"3":0,"4":2,"5":7,"6":7,"7":7,"8":2,"9":7,"10":7,"11":2,"12":7,"13":2,"14":2,"15":2,"16":2,"17":2,"18":2,"19":2,"20":7,"21":3,"22":7,"23":4,"24":3,"25":1,"26":1,"27":1,"28":1,"29":1,"30":1,"31":1,"32":1,"33":7,"34":2,"35":1,"36":1,"37":1,"38":1,"39":7,"40":7,"41":0,"42":0,"43":0,"44":0,"45":0,"46":0,"47":0,"48":0,"49":0,"50":0},"f":{"0":2,"1":7,"2":2,"3":2,"4":2,"5":2,"6":2,"7":3,"8":4,"9":1,"10":1,"11":2,"12":1,"13":1,"14":0,"15":0,"16":0,"17":0,"18":0,"19":0,"20":0,"21":0,"22":0,"23":0},"b":{"0":[0,2],"1":[2,2],"2":[1,2],"3":[3,1],"4":[1,0],"5":[1,1],"6":[4,3],"7":[2,2],"8":[2,1],"9":[2,5],"10":[4,3],"11":[4,3],"12":[2,2],"13":[2,1],"14":[2,5],"15":[7,2],"16":[0],"17":[0,0],"18":[0,0],"19":[0,0],"20":[0],"21":[0],"22":[0],"23":[0]},"meta":{"lastBranch":24,"lastFunction":24,"lastStatement":51,"seen":{"s:5:21:5:Infinity":0,"s:6:21:6:Infinity":1,"f:8:9:8:31":0,"b:9:2:9:Infinity:undefined:undefined:undefined:undefined":0,"s:9:2:9:Infinity":2,"s:9:37:9:Infinity":3,"s:10:2:10:Infinity":4,"f:13:16:13:25":1,"s:24:38:24:Infinity":5,"s:25:36:25:Infinity":6,"s:26:34:28:Infinity":7,"f:26:34:26:Infinity":2,"s:27:10:27:Infinity":8,"b:27:10:27:43:27:43:27:Infinity":1,"s:29:19:29:31":9,"s:31:2:33:Infinity":10,"f:31:2:31:18":3,"s:32:4:32:Infinity":11,"s:35:2:41:Infinity":12,"f:35:2:35:18":4,"s:36:18:36:Infinity":13,"s:37:10:37:Infinity":14,"f:37:10:37:25":5,"s:37:25:37:Infinity":15,"s:38:4:38:Infinity":16,"s:39:4:39:Infinity":17,"s:40:4:40:Infinity":18,"f:40:4:40:17":6,"s:40:17:40:Infinity":19,"s:43:2:45:Infinity":20,"f:43:2:43:18":7,"s:44:4:44:Infinity":21,"b:44:58:44:64:44:64:44:67":2,"s:47:2:58:Infinity":22,"f:47:2:47:18":8,"b:48:4:48:Infinity:undefined:undefined:undefined:undefined":3,"s:48:4:48:Infinity":23,"s:48:21:48:Infinity":24,"s:49:10:51:Infinity":25,"f:49:10:49:23":9,"b:50:6:50:Infinity:undefined:undefined:undefined:undefined":4,"s:50:6:50:Infinity":26,"s:50:34:50:Infinity":27,"s:52:4:52:Infinity":28,"s:53:4:53:Infinity":29,"s:54:4:57:Infinity":30,"f:54:4:54:17":10,"s:55:6:55:Infinity":31,"s:56:6:56:Infinity":32,"s:60:8:63:Infinity":33,"f:60:8:60:26":11,"b:61:4:62:Infinity:62:9:62:Infinity":5,"s:61:4:62:Infinity":34,"s:61:18:61:Infinity":35,"f:61:18:61:33":12,"s:61:42:61:47":36,"s:62:9:62:Infinity":37,"f:62:9:62:23":13,"s:62:35:62:43":38,"s:65:25:71:Infinity":39,"b:66:6:68:Infinity:69:6:71:Infinity":6,"b:67:8:67:Infinity:68:8:68:Infinity":7,"b:70:8:70:Infinity:71:8:71:Infinity":8,"s:73:2:116:Infinity":40,"b:75:46:75:69:75:69:75:71":9,"b:79:36:79:49:79:49:79:Infinity":10,"b:86:12:91:Infinity:91:14:94:Infinity":11,"b:87:14:89:15:89:14:91:Infinity":12,"b:92:12:94:13:94:12:94:Infinity":13,"b:99:55:99:79:99:79:99:Infinity":14,"b:102:7:102:Infinity:103:8:108:Infinity":15,"f:107:10:107:25":14,"s:107:25:107:Infinity":41,"f:120:16:120:30":15,"b:122:14:122:Infinity":16,"s:127:2:127:Infinity":42,"f:130:16:130:24":16,"s:131:2:134:Infinity":43,"f:138:16:138:23":17,"s:139:2:139:Infinity":44,"f:142:16:142:26":18,"s:143:2:146:Infinity":45,"f:150:16:150:27":19,"s:163:2:172:Infinity":46,"b:166:9:166:20:166:20:166:Infinity":17,"b:168:9:168:24:168:24:168:Infinity":18,"b:171:7:171:18:171:18:172:Infinity":19,"f:176:16:176:24":20,"b:176:48:176:99":20,"s:177:2:177:Infinity":47,"f:180:16:180:22":21,"b:180:46:180:97":21,"s:181:2:181:Infinity":48,"f:184:16:184:23":22,"b:184:47:184:98":22,"s:185:2:185:Infinity":49,"f:188:16:188:21":23,"b:188:45:188:96":23,"s:189:2:189:Infinity":50},"fnNames":{}}}
,"/Users/nalla/Documents/Per/Dev/career-agent/apps/web/src/shared/ui/Badge.tsx": {"path":"/Users/nalla/Documents/Per/Dev/career-agent/apps/web/src/shared/ui/Badge.tsx","statementMap":{"0":{"start":{"line":10,"column":2},"end":{"line":10,"column":null}}},"fnMap":{"0":{"name":"Badge","decl":{"start":{"line":3,"column":16},"end":{"line":3,"column":22}},"loc":{"start":{"line":9,"column":3},"end":{"line":11,"column":null}},"line":9}},"branchMap":{"0":{"loc":{"start":{"line":5,"column":2},"end":{"line":5,"column":null}},"type":"default-arg","locations":[{"start":{"line":5,"column":12},"end":{"line":5,"column":null}}],"line":5}},"s":{"0":1},"f":{"0":1},"b":{"0":[1]},"meta":{"lastBranch":1,"lastFunction":1,"lastStatement":1,"seen":{"f:3:16:3:22":0,"b:5:12:5:Infinity":0,"s:10:2:10:Infinity":0},"fnNames":{}}}
,"/Users/nalla/Documents/Per/Dev/career-agent/apps/web/src/shared/ui/Button.tsx": {"path":"/Users/nalla/Documents/Per/Dev/career-agent/apps/web/src/shared/ui/Button.tsx","statementMap":{"0":{"start":{"line":28,"column":18},"end":{"line":37,"column":null}},"1":{"start":{"line":39,"column":2},"end":{"line":48,"column":null}}},"fnMap":{"0":{"name":"Button","decl":{"start":{"line":16,"column":16},"end":{"line":16,"column":23}},"loc":{"start":{"line":27,"column":16},"end":{"line":50,"column":null}},"line":27}},"branchMap":{"0":{"loc":{"start":{"line":18,"column":2},"end":{"line":18,"column":null}},"type":"default-arg","locations":[{"start":{"line":18,"column":14},"end":{"line":18,"column":null}}],"line":18},"1":{"loc":{"start":{"line":19,"column":2},"end":{"line":19,"column":null}},"type":"default-arg","locations":[{"start":{"line":19,"column":14},"end":{"line":19,"column":null}}],"line":19},"2":{"loc":{"start":{"line":21,"column":2},"end":{"line":21,"column":null}},"type":"default-arg","locations":[{"start":{"line":21,"column":13},"end":{"line":21,"column":null}}],"line":21},"3":{"loc":{"start":{"line":22,"column":2},"end":{"line":22,"column":null}},"type":"default-arg","locations":[{"start":{"line":22,"column":12},"end":{"line":22,"column":null}}],"line":22},"4":{"loc":{"start":{"line":23,"column":2},"end":{"line":23,"column":null}},"type":"default-arg","locations":[{"start":{"line":23,"column":9},"end":{"line":23,"column":null}}],"line":23},"5":{"loc":{"start":{"line":24,"column":2},"end":{"line":24,"column":null}},"type":"default-arg","locations":[{"start":{"line":24,"column":12},"end":{"line":24,"column":null}}],"line":24},"6":{"loc":{"start":{"line":32,"column":4},"end":{"line":32,"column":null}},"type":"cond-expr","locations":[{"start":{"line":32,"column":16},"end":{"line":32,"column":35}},{"start":{"line":32,"column":35},"end":{"line":32,"column":null}}],"line":32},"7":{"loc":{"start":{"line":33,"column":4},"end":{"line":33,"column":null}},"type":"cond-expr","locations":[{"start":{"line":33,"column":15},"end":{"line":33,"column":39}},{"start":{"line":33,"column":39},"end":{"line":33,"column":null}}],"line":33},"8":{"loc":{"start":{"line":43,"column":16},"end":{"line":43,"column":null}},"type":"binary-expr","locations":[{"start":{"line":43,"column":16},"end":{"line":43,"column":28}},{"start":{"line":43,"column":28},"end":{"line":43,"column":null}}],"line":43},"9":{"loc":{"start":{"line":44,"column":17},"end":{"line":44,"column":null}},"type":"binary-expr","locations":[{"start":{"line":44,"column":17},"end":{"line":44,"column":28}},{"start":{"line":44,"column":28},"end":{"line":44,"column":null}}],"line":44},"10":{"loc":{"start":{"line":46,"column":7},"end":{"line":46,"column":null}},"type":"cond-expr","locations":[{"start":{"line":46,"column":17},"end":{"line":46,"column":null}},{"start":{"line":46,"column":85},"end":{"line":46,"column":null}}],"line":46},"11":{"loc":{"start":{"line":47,"column":7},"end":{"line":47,"column":null}},"type":"binary-expr","locations":[{"start":{"line":47,"column":7},"end":{"line":47,"column":20}},{"start":{"line":47,"column":20},"end":{"line":47,"column":null}}],"line":47}},"s":{"0":4,"1":4},"f":{"0":4},"b":{"0":[4],"1":[4],"2":[4],"3":[4],"4":[4],"5":[4],"6":[0,4],"7":[1,3],"8":[4,4],"9":[4,3],"10":[1,3],"11":[4,3]},"meta":{"lastBranch":12,"lastFunction":1,"lastStatement":2,"seen":{"f:16:16:16:23":0,"b:18:14:18:Infinity":0,"b:19:14:19:Infinity":1,"b:21:13:21:Infinity":2,"b:22:12:22:Infinity":3,"b:23:9:23:Infinity":4,"b:24:12:24:Infinity":5,"s:28:18:37:Infinity":0,"b:32:16:32:35:32:35:32:Infinity":6,"b:33:15:33:39:33:39:33:Infinity":7,"s:39:2:48:Infinity":1,"b:43:16:43:28:43:28:43:Infinity":8,"b:44:17:44:28:44:28:44:Infinity":9,"b:46:17:46:Infinity:46:85:46:Infinity":10,"b:47:7:47:20:47:20:47:Infinity":11},"fnNames":{}}}
,"/Users/nalla/Documents/Per/Dev/career-agent/apps/web/src/shared/ui/Modal.tsx": {"path":"/Users/nalla/Documents/Per/Dev/career-agent/apps/web/src/shared/ui/Modal.tsx","statementMap":{"0":{"start":{"line":16,"column":18},"end":{"line":16,"column":24}},"1":{"start":{"line":17,"column":20},"end":{"line":17,"column":null}},"2":{"start":{"line":19,"column":2},"end":{"line":31,"column":null}},"3":{"start":{"line":20,"column":4},"end":{"line":20,"column":null}},"4":{"start":{"line":20,"column":15},"end":{"line":20,"column":null}},"5":{"start":{"line":21,"column":10},"end":{"line":23,"column":null}},"6":{"start":{"line":22,"column":6},"end":{"line":22,"column":null}},"7":{"start":{"line":22,"column":34},"end":{"line":22,"column":null}},"8":{"start":{"line":24,"column":4},"end":{"line":24,"column":null}},"9":{"start":{"line":25,"column":4},"end":{"line":25,"column":null}},"10":{"start":{"line":26,"column":4},"end":{"line":26,"column":null}},"11":{"start":{"line":27,"column":4},"end":{"line":30,"column":null}},"12":{"start":{"line":28,"column":6},"end":{"line":28,"column":null}},"13":{"start":{"line":29,"column":6},"end":{"line":29,"column":null}},"14":{"start":{"line":33,"column":2},"end":{"line":33,"column":null}},"15":{"start":{"line":33,"column":13},"end":{"line":33,"column":null}},"16":{"start":{"line":35,"column":2},"end":{"line":61,"column":null}},"17":{"start":{"line":44,"column":28},"end":{"line":44,"column":null}},"18":{"start":{"line":66,"column":2},"end":{"line":66,"column":null}}},"fnMap":{"0":{"name":"Modal","decl":{"start":{"line":5,"column":16},"end":{"line":5,"column":22}},"loc":{"start":{"line":15,"column":3},"end":{"line":63,"column":null}},"line":15},"1":{"name":"(anonymous_1)","decl":{"start":{"line":19,"column":2},"end":{"line":19,"column":18}},"loc":{"start":{"line":19,"column":18},"end":{"line":31,"column":5}},"line":19},"2":{"name":"(anonymous_2)","decl":{"start":{"line":21,"column":10},"end":{"line":21,"column":23}},"loc":{"start":{"line":21,"column":48},"end":{"line":23,"column":null}},"line":21},"3":{"name":"(anonymous_3)","decl":{"start":{"line":27,"column":4},"end":{"line":27,"column":17}},"loc":{"start":{"line":27,"column":17},"end":{"line":30,"column":null}},"line":27},"4":{"name":"(anonymous_4)","decl":{"start":{"line":44,"column":8},"end":{"line":44,"column":18}},"loc":{"start":{"line":44,"column":28},"end":{"line":44,"column":null}},"line":44},"5":{"name":"ModalActions","decl":{"start":{"line":65,"column":16},"end":{"line":65,"column":29}},"loc":{"start":{"line":65,"column":68},"end":{"line":67,"column":null}},"line":65}},"branchMap":{"0":{"loc":{"start":{"line":20,"column":4},"end":{"line":20,"column":null}},"type":"if","locations":[{"start":{"line":20,"column":4},"end":{"line":20,"column":null}},{"start":{},"end":{}}],"line":20},"1":{"loc":{"start":{"line":22,"column":6},"end":{"line":22,"column":null}},"type":"if","locations":[{"start":{"line":22,"column":6},"end":{"line":22,"column":null}},{"start":{},"end":{}}],"line":22},"2":{"loc":{"start":{"line":33,"column":2},"end":{"line":33,"column":null}},"type":"if","locations":[{"start":{"line":33,"column":2},"end":{"line":33,"column":null}},{"start":{},"end":{}}],"line":33}},"s":{"0":2,"1":2,"2":2,"3":2,"4":1,"5":1,"6":1,"7":1,"8":1,"9":1,"10":1,"11":2,"12":1,"13":1,"14":2,"15":1,"16":1,"17":1,"18":1},"f":{"0":2,"1":2,"2":1,"3":1,"4":1,"5":1},"b":{"0":[1,1],"1":[1,0],"2":[1,1]},"meta":{"lastBranch":3,"lastFunction":6,"lastStatement":19,"seen":{"f:5:16:5:22":0,"s:16:18:16:24":0,"s:17:20:17:Infinity":1,"s:19:2:31:Infinity":2,"f:19:2:19:18":1,"b:20:4:20:Infinity:undefined:undefined:undefined:undefined":0,"s:20:4:20:Infinity":3,"s:20:15:20:Infinity":4,"s:21:10:23:Infinity":5,"f:21:10:21:23":2,"b:22:6:22:Infinity:undefined:undefined:undefined:undefined":1,"s:22:6:22:Infinity":6,"s:22:34:22:Infinity":7,"s:24:4:24:Infinity":8,"s:25:4:25:Infinity":9,"s:26:4:26:Infinity":10,"s:27:4:30:Infinity":11,"f:27:4:27:17":3,"s:28:6:28:Infinity":12,"s:29:6:29:Infinity":13,"b:33:2:33:Infinity:undefined:undefined:undefined:undefined":2,"s:33:2:33:Infinity":14,"s:33:13:33:Infinity":15,"s:35:2:61:Infinity":16,"f:44:8:44:18":4,"s:44:28:44:Infinity":17,"f:65:16:65:29":5,"s:66:2:66:Infinity":18},"fnNames":{}}}
,"/Users/nalla/Documents/Per/Dev/career-agent/apps/web/src/shared/ui/ThemeProvider.tsx": {"path":"/Users/nalla/Documents/Per/Dev/career-agent/apps/web/src/shared/ui/ThemeProvider.tsx","statementMap":{"0":{"start":{"line":6,"column":18},"end":{"line":6,"column":null}},"1":{"start":{"line":9,"column":2},"end":{"line":9,"column":null}},"2":{"start":{"line":9,"column":37},"end":{"line":9,"column":null}},"3":{"start":{"line":10,"column":17},"end":{"line":10,"column":null}},"4":{"start":{"line":11,"column":2},"end":{"line":11,"column":null}},"5":{"start":{"line":21,"column":28},"end":{"line":21,"column":null}},"6":{"start":{"line":21,"column":50},"end":{"line":21,"column":79}},"7":{"start":{"line":23,"column":2},"end":{"line":26,"column":null}},"8":{"start":{"line":24,"column":4},"end":{"line":24,"column":null}},"9":{"start":{"line":25,"column":4},"end":{"line":25,"column":null}},"10":{"start":{"line":28,"column":2},"end":{"line":28,"column":null}}},"fnMap":{"0":{"name":"readStoredTheme","decl":{"start":{"line":8,"column":9},"end":{"line":8,"column":25}},"loc":{"start":{"line":8,"column":53},"end":{"line":12,"column":null}},"line":8},"1":{"name":"ThemeProvider","decl":{"start":{"line":14,"column":16},"end":{"line":14,"column":30}},"loc":{"start":{"line":20,"column":3},"end":{"line":29,"column":null}},"line":20},"2":{"name":"(anonymous_2)","decl":{"start":{"line":21,"column":28},"end":{"line":21,"column":50}},"loc":{"start":{"line":21,"column":50},"end":{"line":21,"column":79}},"line":21},"3":{"name":"(anonymous_3)","decl":{"start":{"line":23,"column":2},"end":{"line":23,"column":18}},"loc":{"start":{"line":23,"column":18},"end":{"line":26,"column":5}},"line":23}},"branchMap":{"0":{"loc":{"start":{"line":9,"column":2},"end":{"line":9,"column":null}},"type":"if","locations":[{"start":{"line":9,"column":2},"end":{"line":9,"column":null}},{"start":{},"end":{}}],"line":9},"1":{"loc":{"start":{"line":11,"column":9},"end":{"line":11,"column":null}},"type":"cond-expr","locations":[{"start":{"line":11,"column":51},"end":{"line":11,"column":60}},{"start":{"line":11,"column":60},"end":{"line":11,"column":null}}],"line":11},"2":{"loc":{"start":{"line":11,"column":9},"end":{"line":11,"column":51}},"type":"binary-expr","locations":[{"start":{"line":11,"column":9},"end":{"line":11,"column":31}},{"start":{"line":11,"column":31},"end":{"line":11,"column":51}}],"line":11},"3":{"loc":{"start":{"line":16,"column":2},"end":{"line":16,"column":null}},"type":"default-arg","locations":[{"start":{"line":16,"column":17},"end":{"line":16,"column":null}}],"line":16}},"s":{"0":1,"1":3,"2":0,"3":3,"4":3,"5":3,"6":3,"7":3,"8":3,"9":3,"10":3},"f":{"0":3,"1":3,"2":3,"3":3},"b":{"0":[0,3],"1":[2,1],"2":[3,3],"3":[3]},"meta":{"lastBranch":4,"lastFunction":4,"lastStatement":11,"seen":{"s:6:18:6:Infinity":0,"f:8:9:8:25":0,"b:9:2:9:Infinity:undefined:undefined:undefined:undefined":0,"s:9:2:9:Infinity":1,"s:9:37:9:Infinity":2,"s:10:17:10:Infinity":3,"s:11:2:11:Infinity":4,"b:11:51:11:60:11:60:11:Infinity":1,"b:11:9:11:31:11:31:11:51":2,"f:14:16:14:30":1,"b:16:17:16:Infinity":3,"s:21:28:21:Infinity":5,"f:21:28:21:50":2,"s:21:50:21:79":6,"s:23:2:26:Infinity":7,"f:23:2:23:18":3,"s:24:4:24:Infinity":8,"s:25:4:25:Infinity":9,"s:28:2:28:Infinity":10},"fnNames":{}}}
,"/Users/nalla/Documents/Per/Dev/career-agent/apps/web/src/shared/ui/theme-context.ts": {"path":"/Users/nalla/Documents/Per/Dev/career-agent/apps/web/src/shared/ui/theme-context.ts","statementMap":{"0":{"start":{"line":5,"column":28},"end":{"line":5,"column":null}}},"fnMap":{},"branchMap":{},"s":{"0":1},"f":{},"b":{},"meta":{"lastBranch":0,"lastFunction":0,"lastStatement":1,"seen":{"s:5:28:5:Infinity":0},"fnNames":{}}}
}
