{"/Users/siddanthmacherla/career-agent/apps/web/src/api.ts": {"path":"/Users/siddanthmacherla/career-agent/apps/web/src/api.ts","statementMap":{"0":{"start":{"line":44,"column":2},"end":{"line":46,"column":null}},"1":{"start":{"line":45,"column":16},"end":{"line":45,"column":null}},"2":{"start":{"line":112,"column":17},"end":{"line":112,"column":null}},"3":{"start":{"line":115,"column":19},"end":{"line":120,"column":null}},"4":{"start":{"line":121,"column":2},"end":{"line":124,"column":null}},"5":{"start":{"line":122,"column":21},"end":{"line":122,"column":null}},"6":{"start":{"line":122,"column":55},"end":{"line":122,"column":59}},"7":{"start":{"line":123,"column":4},"end":{"line":123,"column":null}},"8":{"start":{"line":125,"column":2},"end":{"line":125,"column":null}},"9":{"start":{"line":129,"column":19},"end":{"line":129,"column":null}},"10":{"start":{"line":130,"column":2},"end":{"line":132,"column":null}},"11":{"start":{"line":131,"column":4},"end":{"line":131,"column":null}},"12":{"start":{"line":133,"column":2},"end":{"line":135,"column":null}},"13":{"start":{"line":134,"column":4},"end":{"line":134,"column":null}},"14":{"start":{"line":136,"column":2},"end":{"line":136,"column":null}},"15":{"start":{"line":140,"column":2},"end":{"line":140,"column":null}},"16":{"start":{"line":144,"column":2},"end":{"line":144,"column":null}},"17":{"start":{"line":148,"column":2},"end":{"line":155,"column":null}},"18":{"start":{"line":152,"column":4},"end":{"line":154,"column":null}},"19":{"start":{"line":153,"column":6},"end":{"line":153,"column":null}},"20":{"start":{"line":159,"column":2},"end":{"line":159,"column":null}},"21":{"start":{"line":163,"column":2},"end":{"line":163,"column":null}},"22":{"start":{"line":167,"column":2},"end":{"line":167,"column":null}},"23":{"start":{"line":171,"column":19},"end":{"line":171,"column":null}},"24":{"start":{"line":172,"column":2},"end":{"line":172,"column":null}},"25":{"start":{"line":173,"column":19},"end":{"line":177,"column":null}},"26":{"start":{"line":178,"column":2},"end":{"line":181,"column":null}},"27":{"start":{"line":179,"column":21},"end":{"line":179,"column":null}},"28":{"start":{"line":179,"column":55},"end":{"line":179,"column":59}},"29":{"start":{"line":180,"column":4},"end":{"line":180,"column":null}},"30":{"start":{"line":182,"column":2},"end":{"line":182,"column":null}},"31":{"start":{"line":186,"column":19},"end":{"line":189,"column":null}},"32":{"start":{"line":190,"column":2},"end":{"line":193,"column":null}},"33":{"start":{"line":191,"column":21},"end":{"line":191,"column":null}},"34":{"start":{"line":191,"column":55},"end":{"line":191,"column":59}},"35":{"start":{"line":192,"column":4},"end":{"line":192,"column":null}},"36":{"start":{"line":194,"column":2},"end":{"line":194,"column":null}},"37":{"start":{"line":198,"column":22},"end":{"line":198,"column":null}},"38":{"start":{"line":199,"column":19},"end":{"line":202,"column":null}},"39":{"start":{"line":203,"column":2},"end":{"line":205,"column":null}},"40":{"start":{"line":204,"column":4},"end":{"line":204,"column":null}},"41":{"start":{"line":206,"column":2},"end":{"line":206,"column":null}},"42":{"start":{"line":210,"column":19},"end":{"line":213,"column":null}},"43":{"start":{"line":214,"column":2},"end":{"line":217,"column":null}},"44":{"start":{"line":215,"column":21},"end":{"line":215,"column":null}},"45":{"start":{"line":215,"column":55},"end":{"line":215,"column":59}},"46":{"start":{"line":216,"column":4},"end":{"line":216,"column":null}},"47":{"start":{"line":218,"column":2},"end":{"line":218,"column":null}},"48":{"start":{"line":222,"column":19},"end":{"line":225,"column":null}},"49":{"start":{"line":226,"column":2},"end":{"line":229,"column":null}},"50":{"start":{"line":227,"column":21},"end":{"line":227,"column":null}},"51":{"start":{"line":227,"column":55},"end":{"line":227,"column":59}},"52":{"start":{"line":228,"column":4},"end":{"line":228,"column":null}},"53":{"start":{"line":230,"column":2},"end":{"line":230,"column":null}},"54":{"start":{"line":234,"column":19},"end":{"line":236,"column":null}},"55":{"start":{"line":237,"column":2},"end":{"line":239,"column":null}},"56":{"start":{"line":238,"column":4},"end":{"line":238,"column":null}},"57":{"start":{"line":240,"column":2},"end":{"line":240,"column":null}},"58":{"start":{"line":246,"column":19},"end":{"line":248,"column":null}},"59":{"start":{"line":249,"column":2},"end":{"line":252,"column":null}},"60":{"start":{"line":250,"column":4},"end":{"line":250,"column":null}},"61":{"start":{"line":250,"column":33},"end":{"line":250,"column":null}},"62":{"start":{"line":251,"column":4},"end":{"line":251,"column":null}},"63":{"start":{"line":253,"column":16},"end":{"line":253,"column":null}},"64":{"start":{"line":254,"column":2},"end":{"line":254,"column":null}},"65":{"start":{"line":258,"column":19},"end":{"line":258,"column":null}},"66":{"start":{"line":259,"column":2},"end":{"line":261,"column":null}},"67":{"start":{"line":260,"column":4},"end":{"line":260,"column":null}},"68":{"start":{"line":262,"column":2},"end":{"line":262,"column":null}},"69":{"start":{"line":278,"column":23},"end":{"line":278,"column":null}},"70":{"start":{"line":279,"column":2},"end":{"line":279,"column":null}},"71":{"start":{"line":279,"column":30},"end":{"line":279,"column":null}},"72":{"start":{"line":280,"column":2},"end":{"line":280,"column":null}},"73":{"start":{"line":280,"column":20},"end":{"line":280,"column":null}},"74":{"start":{"line":281,"column":2},"end":{"line":281,"column":null}},"75":{"start":{"line":281,"column":21},"end":{"line":281,"column":null}},"76":{"start":{"line":282,"column":2},"end":{"line":282,"column":null}},"77":{"start":{"line":282,"column":20},"end":{"line":282,"column":null}},"78":{"start":{"line":283,"column":2},"end":{"line":283,"column":null}},"79":{"start":{"line":283,"column":21},"end":{"line":283,"column":null}},"80":{"start":{"line":284,"column":2},"end":{"line":284,"column":null}},"81":{"start":{"line":284,"column":23},"end":{"line":284,"column":null}},"82":{"start":{"line":285,"column":2},"end":{"line":285,"column":null}},"83":{"start":{"line":285,"column":24},"end":{"line":285,"column":null}},"84":{"start":{"line":286,"column":2},"end":{"line":286,"column":null}},"85":{"start":{"line":286,"column":19},"end":{"line":286,"column":null}},"86":{"start":{"line":287,"column":2},"end":{"line":287,"column":null}},"87":{"start":{"line":287,"column":24},"end":{"line":287,"column":null}},"88":{"start":{"line":288,"column":13},"end":{"line":288,"column":null}},"89":{"start":{"line":289,"column":2},"end":{"line":289,"column":null}},"90":{"start":{"line":293,"column":19},"end":{"line":295,"column":null}},"91":{"start":{"line":296,"column":2},"end":{"line":296,"column":null}},"92":{"start":{"line":296,"column":31},"end":{"line":296,"column":null}},"93":{"start":{"line":297,"column":2},"end":{"line":297,"column":null}},"94":{"start":{"line":297,"column":20},"end":{"line":297,"column":null}},"95":{"start":{"line":298,"column":2},"end":{"line":298,"column":null}},"96":{"start":{"line":310,"column":23},"end":{"line":310,"column":null}},"97":{"start":{"line":311,"column":2},"end":{"line":311,"column":null}},"98":{"start":{"line":311,"column":20},"end":{"line":311,"column":null}},"99":{"start":{"line":312,"column":2},"end":{"line":312,"column":null}},"100":{"start":{"line":312,"column":21},"end":{"line":312,"column":null}},"101":{"start":{"line":313,"column":2},"end":{"line":313,"column":null}},"102":{"start":{"line":313,"column":20},"end":{"line":313,"column":null}},"103":{"start":{"line":314,"column":2},"end":{"line":314,"column":null}},"104":{"start":{"line":314,"column":29},"end":{"line":314,"column":null}},"105":{"start":{"line":315,"column":2},"end":{"line":315,"column":null}},"106":{"start":{"line":315,"column":19},"end":{"line":315,"column":null}},"107":{"start":{"line":316,"column":13},"end":{"line":316,"column":null}},"108":{"start":{"line":317,"column":2},"end":{"line":317,"column":null}},"109":{"start":{"line":329,"column":23},"end":{"line":329,"column":null}},"110":{"start":{"line":330,"column":2},"end":{"line":330,"column":null}},"111":{"start":{"line":330,"column":20},"end":{"line":330,"column":null}},"112":{"start":{"line":331,"column":2},"end":{"line":331,"column":null}},"113":{"start":{"line":331,"column":21},"end":{"line":331,"column":null}},"114":{"start":{"line":332,"column":2},"end":{"line":332,"column":null}},"115":{"start":{"line":332,"column":20},"end":{"line":332,"column":null}},"116":{"start":{"line":333,"column":2},"end":{"line":333,"column":null}},"117":{"start":{"line":333,"column":33},"end":{"line":333,"column":null}},"118":{"start":{"line":334,"column":2},"end":{"line":334,"column":null}},"119":{"start":{"line":334,"column":19},"end":{"line":334,"column":null}},"120":{"start":{"line":335,"column":13},"end":{"line":335,"column":null}},"121":{"start":{"line":336,"column":2},"end":{"line":336,"column":null}},"122":{"start":{"line":350,"column":15},"end":{"line":350,"column":null}},"123":{"start":{"line":351,"column":2},"end":{"line":351,"column":null}},"124":{"start":{"line":355,"column":19},"end":{"line":360,"column":null}},"125":{"start":{"line":361,"column":2},"end":{"line":361,"column":null}},"126":{"start":{"line":361,"column":20},"end":{"line":361,"column":null}},"127":{"start":{"line":362,"column":2},"end":{"line":362,"column":null}},"128":{"start":{"line":366,"column":19},"end":{"line":371,"column":null}},"129":{"start":{"line":372,"column":2},"end":{"line":372,"column":null}},"130":{"start":{"line":372,"column":20},"end":{"line":372,"column":null}},"131":{"start":{"line":376,"column":19},"end":{"line":379,"column":null}},"132":{"start":{"line":380,"column":2},"end":{"line":380,"column":null}},"133":{"start":{"line":380,"column":20},"end":{"line":380,"column":null}},"134":{"start":{"line":381,"column":2},"end":{"line":383,"column":null}},"135":{"start":{"line":382,"column":4},"end":{"line":382,"column":null}},"136":{"start":{"line":387,"column":19},"end":{"line":390,"column":null}},"137":{"start":{"line":391,"column":2},"end":{"line":394,"column":null}},"138":{"start":{"line":392,"column":17},"end":{"line":392,"column":null}},"139":{"start":{"line":392,"column":52},"end":{"line":392,"column":55}},"140":{"start":{"line":393,"column":4},"end":{"line":393,"column":null}},"141":{"start":{"line":398,"column":19},"end":{"line":401,"column":null}},"142":{"start":{"line":402,"column":2},"end":{"line":402,"column":null}},"143":{"start":{"line":402,"column":20},"end":{"line":402,"column":null}},"144":{"start":{"line":406,"column":19},"end":{"line":409,"column":null}},"145":{"start":{"line":410,"column":2},"end":{"line":410,"column":null}},"146":{"start":{"line":410,"column":20},"end":{"line":410,"column":null}},"147":{"start":{"line":417,"column":19},"end":{"line":422,"column":null}},"148":{"start":{"line":423,"column":2},"end":{"line":425,"column":null}},"149":{"start":{"line":424,"column":4},"end":{"line":424,"column":null}},"150":{"start":{"line":426,"column":2},"end":{"line":426,"column":null}},"151":{"start":{"line":436,"column":19},"end":{"line":438,"column":null}},"152":{"start":{"line":439,"column":2},"end":{"line":441,"column":null}},"153":{"start":{"line":440,"column":4},"end":{"line":440,"column":null}},"154":{"start":{"line":442,"column":2},"end":{"line":442,"column":null}},"155":{"start":{"line":448,"column":19},"end":{"line":453,"column":null}},"156":{"start":{"line":454,"column":2},"end":{"line":456,"column":null}},"157":{"start":{"line":455,"column":4},"end":{"line":455,"column":null}},"158":{"start":{"line":457,"column":2},"end":{"line":457,"column":null}}},"fnMap":{"0":{"name":"availableJobSources","decl":{"start":{"line":43,"column":46},"end":{"line":43,"column":null}},"loc":{"start":{"line":43,"column":46},"end":{"line":47,"column":null}},"line":43},"1":{"name":"(anonymous_1)","decl":{"start":{"line":44,"column":29},"end":{"line":44,"column":null}},"loc":{"start":{"line":45,"column":16},"end":{"line":45,"column":null}},"line":45},"2":{"name":"authRequest","decl":{"start":{"line":114,"column":15},"end":{"line":114,"column":30}},"loc":{"start":{"line":114,"column":72},"end":{"line":126,"column":null}},"line":114},"3":{"name":"(anonymous_3)","decl":{"start":{"line":122,"column":43},"end":{"line":122,"column":55}},"loc":{"start":{"line":122,"column":55},"end":{"line":122,"column":59}},"line":122},"4":{"name":"getAuthUser","decl":{"start":{"line":128,"column":22},"end":{"line":128,"column":62}},"loc":{"start":{"line":128,"column":62},"end":{"line":137,"column":null}},"line":128},"5":{"name":"register","decl":{"start":{"line":139,"column":16},"end":{"line":139,"column":25}},"loc":{"start":{"line":139,"column":77},"end":{"line":141,"column":null}},"line":139},"6":{"name":"login","decl":{"start":{"line":143,"column":16},"end":{"line":143,"column":22}},"loc":{"start":{"line":143,"column":74},"end":{"line":145,"column":null}},"line":143},"7":{"name":"logout","decl":{"start":{"line":147,"column":16},"end":{"line":147,"column":40}},"loc":{"start":{"line":147,"column":40},"end":{"line":156,"column":null}},"line":147},"8":{"name":"(anonymous_8)","decl":{"start":{"line":151,"column":10},"end":{"line":151,"column":17}},"loc":{"start":{"line":151,"column":30},"end":{"line":155,"column":3}},"line":151},"9":{"name":"verifyEmail","decl":{"start":{"line":158,"column":16},"end":{"line":158,"column":28}},"loc":{"start":{"line":158,"column":62},"end":{"line":160,"column":null}},"line":158},"10":{"name":"requestPasswordReset","decl":{"start":{"line":162,"column":16},"end":{"line":162,"column":37}},"loc":{"start":{"line":162,"column":67},"end":{"line":164,"column":null}},"line":162},"11":{"name":"resetPassword","decl":{"start":{"line":166,"column":16},"end":{"line":166,"column":30}},"loc":{"start":{"line":166,"column":82},"end":{"line":168,"column":null}},"line":166},"12":{"name":"uploadResume","decl":{"start":{"line":170,"column":22},"end":{"line":170,"column":35}},"loc":{"start":{"line":170,"column":71},"end":{"line":183,"column":null}},"line":170},"13":{"name":"(anonymous_13)","decl":{"start":{"line":179,"column":43},"end":{"line":179,"column":55}},"loc":{"start":{"line":179,"column":55},"end":{"line":179,"column":59}},"line":179},"14":{"name":"retryResumeExtraction","decl":{"start":{"line":185,"column":22},"end":{"line":185,"column":70}},"loc":{"start":{"line":185,"column":70},"end":{"line":195,"column":null}},"line":185},"15":{"name":"(anonymous_15)","decl":{"start":{"line":191,"column":43},"end":{"line":191,"column":55}},"loc":{"start":{"line":191,"column":55},"end":{"line":191,"column":59}},"line":191},"16":{"name":"getProfile","decl":{"start":{"line":197,"column":22},"end":{"line":197,"column":53}},"loc":{"start":{"line":197,"column":53},"end":{"line":207,"column":null}},"line":197},"17":{"name":"runMatching","decl":{"start":{"line":209,"column":22},"end":{"line":209,"column":60}},"loc":{"start":{"line":209,"column":60},"end":{"line":219,"column":null}},"line":209},"18":{"name":"(anonymous_18)","decl":{"start":{"line":215,"column":43},"end":{"line":215,"column":55}},"loc":{"start":{"line":215,"column":55},"end":{"line":215,"column":59}},"line":215},"19":{"name":"runScan","decl":{"start":{"line":221,"column":22},"end":{"line":221,"column":56}},"loc":{"start":{"line":221,"column":56},"end":{"line":231,"column":null}},"line":221},"20":{"name":"(anonymous_20)","decl":{"start":{"line":227,"column":43},"end":{"line":227,"column":55}},"loc":{"start":{"line":227,"column":55},"end":{"line":227,"column":59}},"line":227},"21":{"name":"getBackgroundJob","decl":{"start":{"line":233,"column":22},"end":{"line":233,"column":39}},"loc":{"start":{"line":233,"column":78},"end":{"line":241,"column":null}},"line":233},"22":{"name":"getActiveJob","decl":{"start":{"line":243,"column":22},"end":{"line":243,"column":null}},"loc":{"start":{"line":245,"column":33},"end":{"line":255,"column":null}},"line":245},"23":{"name":"request","decl":{"start":{"line":257,"column":15},"end":{"line":257,"column":26}},"loc":{"start":{"line":257,"column":52},"end":{"line":263,"column":null}},"line":257},"24":{"name":"getJobs","decl":{"start":{"line":265,"column":16},"end":{"line":265,"column":null}},"loc":{"start":{"line":277,"column":35},"end":{"line":290,"column":null}},"line":277},"25":{"name":"getJob","decl":{"start":{"line":292,"column":22},"end":{"line":292,"column":29}},"loc":{"start":{"line":292,"column":71},"end":{"line":299,"column":null}},"line":292},"26":{"name":"getMatches","decl":{"start":{"line":301,"column":16},"end":{"line":301,"column":null}},"loc":{"start":{"line":309,"column":37},"end":{"line":318,"column":null}},"line":309},"27":{"name":"getApplications","decl":{"start":{"line":320,"column":16},"end":{"line":320,"column":null}},"loc":{"start":{"line":328,"column":43},"end":{"line":337,"column":null}},"line":328},"28":{"name":"listWorkspaces","decl":{"start":{"line":349,"column":22},"end":{"line":349,"column":61}},"loc":{"start":{"line":349,"column":61},"end":{"line":352,"column":null}},"line":349},"29":{"name":"createWorkspace","decl":{"start":{"line":354,"column":22},"end":{"line":354,"column":38}},"loc":{"start":{"line":354,"column":72},"end":{"line":363,"column":null}},"line":354},"30":{"name":"renameWorkspace","decl":{"start":{"line":365,"column":22},"end":{"line":365,"column":38}},"loc":{"start":{"line":365,"column":88},"end":{"line":373,"column":null}},"line":365},"31":{"name":"switchWorkspace","decl":{"start":{"line":375,"column":22},"end":{"line":375,"column":38}},"loc":{"start":{"line":375,"column":74},"end":{"line":384,"column":null}},"line":375},"32":{"name":"deleteWorkspace","decl":{"start":{"line":386,"column":22},"end":{"line":386,"column":38}},"loc":{"start":{"line":386,"column":74},"end":{"line":395,"column":null}},"line":386},"33":{"name":"(anonymous_33)","decl":{"start":{"line":392,"column":39},"end":{"line":392,"column":52}},"loc":{"start":{"line":392,"column":52},"end":{"line":392,"column":55}},"line":392},"34":{"name":"deleteResume","decl":{"start":{"line":397,"column":22},"end":{"line":397,"column":52}},"loc":{"start":{"line":397,"column":52},"end":{"line":403,"column":null}},"line":397},"35":{"name":"deleteProfile","decl":{"start":{"line":405,"column":22},"end":{"line":405,"column":53}},"loc":{"start":{"line":405,"column":53},"end":{"line":411,"column":null}},"line":405},"36":{"name":"updateApplication","decl":{"start":{"line":413,"column":22},"end":{"line":413,"column":null}},"loc":{"start":{"line":416,"column":24},"end":{"line":427,"column":null}},"line":416},"37":{"name":"getWorkspacePreferences","decl":{"start":{"line":435,"column":22},"end":{"line":435,"column":79}},"loc":{"start":{"line":435,"column":79},"end":{"line":443,"column":null}},"line":435},"38":{"name":"updateWorkspacePreferences","decl":{"start":{"line":445,"column":22},"end":{"line":445,"column":null}},"loc":{"start":{"line":447,"column":33},"end":{"line":458,"column":null}},"line":447}},"branchMap":{"0":{"loc":{"start":{"line":44,"column":10},"end":{"line":44,"column":27}},"type":"binary-expr","locations":[{"start":{"line":44,"column":10},"end":{"line":44,"column":25}},{"start":{"line":44,"column":25},"end":{"line":44,"column":27}}],"line":44},"1":{"loc":{"start":{"line":45,"column":16},"end":{"line":45,"column":null}},"type":"binary-expr","locations":[{"start":{"line":45,"column":16},"end":{"line":45,"column":61}},{"start":{"line":45,"column":61},"end":{"line":45,"column":null}}],"line":45},"2":{"loc":{"start":{"line":112,"column":17},"end":{"line":112,"column":null}},"type":"binary-expr","locations":[{"start":{"line":112,"column":17},"end":{"line":112,"column":50}},{"start":{"line":112,"column":50},"end":{"line":112,"column":null}}],"line":112},"3":{"loc":{"start":{"line":116,"column":12},"end":{"line":116,"column":null}},"type":"cond-expr","locations":[{"start":{"line":116,"column":19},"end":{"line":116,"column":28}},{"start":{"line":116,"column":28},"end":{"line":116,"column":null}}],"line":116},"4":{"loc":{"start":{"line":118,"column":13},"end":{"line":118,"column":null}},"type":"cond-expr","locations":[{"start":{"line":118,"column":20},"end":{"line":118,"column":61}},{"start":{"line":118,"column":61},"end":{"line":118,"column":null}}],"line":118},"5":{"loc":{"start":{"line":119,"column":10},"end":{"line":119,"column":null}},"type":"cond-expr","locations":[{"start":{"line":119,"column":17},"end":{"line":119,"column":40}},{"start":{"line":119,"column":40},"end":{"line":119,"column":null}}],"line":119},"6":{"loc":{"start":{"line":121,"column":2},"end":{"line":124,"column":null}},"type":"if","locations":[{"start":{"line":121,"column":2},"end":{"line":124,"column":null}},{"start":{},"end":{}}],"line":121},"7":{"loc":{"start":{"line":123,"column":20},"end":{"line":123,"column":90}},"type":"binary-expr","locations":[{"start":{"line":123,"column":20},"end":{"line":123,"column":39}},{"start":{"line":123,"column":39},"end":{"line":123,"column":90}}],"line":123},"8":{"loc":{"start":{"line":125,"column":9},"end":{"line":125,"column":null}},"type":"cond-expr","locations":[{"start":{"line":125,"column":36},"end":{"line":125,"column":55}},{"start":{"line":125,"column":55},"end":{"line":125,"column":null}}],"line":125},"9":{"loc":{"start":{"line":130,"column":2},"end":{"line":132,"column":null}},"type":"if","locations":[{"start":{"line":130,"column":2},"end":{"line":132,"column":null}},{"start":{},"end":{}}],"line":130},"10":{"loc":{"start":{"line":133,"column":2},"end":{"line":135,"column":null}},"type":"if","locations":[{"start":{"line":133,"column":2},"end":{"line":135,"column":null}},{"start":{},"end":{}}],"line":133},"11":{"loc":{"start":{"line":152,"column":4},"end":{"line":154,"column":null}},"type":"if","locations":[{"start":{"line":152,"column":4},"end":{"line":154,"column":null}},{"start":{},"end":{}}],"line":152},"12":{"loc":{"start":{"line":178,"column":2},"end":{"line":181,"column":null}},"type":"if","locations":[{"start":{"line":178,"column":2},"end":{"line":181,"column":null}},{"start":{},"end":{}}],"line":178},"13":{"loc":{"start":{"line":180,"column":20},"end":{"line":180,"column":81}},"type":"binary-expr","locations":[{"start":{"line":180,"column":20},"end":{"line":180,"column":39}},{"start":{"line":180,"column":39},"end":{"line":180,"column":81}}],"line":180},"14":{"loc":{"start":{"line":190,"column":2},"end":{"line":193,"column":null}},"type":"if","locations":[{"start":{"line":190,"column":2},"end":{"line":193,"column":null}},{"start":{},"end":{}}],"line":190},"15":{"loc":{"start":{"line":192,"column":20},"end":{"line":192,"column":89}},"type":"binary-expr","locations":[{"start":{"line":192,"column":20},"end":{"line":192,"column":39}},{"start":{"line":192,"column":39},"end":{"line":192,"column":89}}],"line":192},"16":{"loc":{"start":{"line":203,"column":2},"end":{"line":205,"column":null}},"type":"if","locations":[{"start":{"line":203,"column":2},"end":{"line":205,"column":null}},{"start":{},"end":{}}],"line":203},"17":{"loc":{"start":{"line":214,"column":2},"end":{"line":217,"column":null}},"type":"if","locations":[{"start":{"line":214,"column":2},"end":{"line":217,"column":null}},{"start":{},"end":{}}],"line":214},"18":{"loc":{"start":{"line":216,"column":20},"end":{"line":216,"column":76}},"type":"binary-expr","locations":[{"start":{"line":216,"column":20},"end":{"line":216,"column":39}},{"start":{"line":216,"column":39},"end":{"line":216,"column":76}}],"line":216},"19":{"loc":{"start":{"line":226,"column":2},"end":{"line":229,"column":null}},"type":"if","locations":[{"start":{"line":226,"column":2},"end":{"line":229,"column":null}},{"start":{},"end":{}}],"line":226},"20":{"loc":{"start":{"line":228,"column":20},"end":{"line":228,"column":76}},"type":"binary-expr","locations":[{"start":{"line":228,"column":20},"end":{"line":228,"column":39}},{"start":{"line":228,"column":39},"end":{"line":228,"column":76}}],"line":228},"21":{"loc":{"start":{"line":237,"column":2},"end":{"line":239,"column":null}},"type":"if","locations":[{"start":{"line":237,"column":2},"end":{"line":239,"column":null}},{"start":{},"end":{}}],"line":237},"22":{"loc":{"start":{"line":244,"column":2},"end":{"line":244,"column":null}},"type":"default-arg","locations":[{"start":{"line":244,"column":53},"end":{"line":244,"column":null}}],"line":244},"23":{"loc":{"start":{"line":249,"column":2},"end":{"line":252,"column":null}},"type":"if","locations":[{"start":{"line":249,"column":2},"end":{"line":252,"column":null}},{"start":{},"end":{}}],"line":249},"24":{"loc":{"start":{"line":250,"column":4},"end":{"line":250,"column":null}},"type":"if","locations":[{"start":{"line":250,"column":4},"end":{"line":250,"column":null}},{"start":{},"end":{}}],"line":250},"25":{"loc":{"start":{"line":259,"column":2},"end":{"line":261,"column":null}},"type":"if","locations":[{"start":{"line":259,"column":2},"end":{"line":261,"column":null}},{"start":{},"end":{}}],"line":259},"26":{"loc":{"start":{"line":266,"column":2},"end":{"line":276,"column":null}},"type":"default-arg","locations":[{"start":{"line":276,"column":6},"end":{"line":276,"column":null}}],"line":266},"27":{"loc":{"start":{"line":279,"column":2},"end":{"line":279,"column":null}},"type":"if","locations":[{"start":{"line":279,"column":2},"end":{"line":279,"column":null}},{"start":{},"end":{}}],"line":279},"28":{"loc":{"start":{"line":280,"column":2},"end":{"line":280,"column":null}},"type":"if","locations":[{"start":{"line":280,"column":2},"end":{"line":280,"column":null}},{"start":{},"end":{}}],"line":280},"29":{"loc":{"start":{"line":281,"column":2},"end":{"line":281,"column":null}},"type":"if","locations":[{"start":{"line":281,"column":2},"end":{"line":281,"column":null}},{"start":{},"end":{}}],"line":281},"30":{"loc":{"start":{"line":282,"column":2},"end":{"line":282,"column":null}},"type":"if","locations":[{"start":{"line":282,"column":2},"end":{"line":282,"column":null}},{"start":{},"end":{}}],"line":282},"31":{"loc":{"start":{"line":283,"column":2},"end":{"line":283,"column":null}},"type":"if","locations":[{"start":{"line":283,"column":2},"end":{"line":283,"column":null}},{"start":{},"end":{}}],"line":283},"32":{"loc":{"start":{"line":284,"column":2},"end":{"line":284,"column":null}},"type":"if","locations":[{"start":{"line":284,"column":2},"end":{"line":284,"column":null}},{"start":{},"end":{}}],"line":284},"33":{"loc":{"start":{"line":285,"column":2},"end":{"line":285,"column":null}},"type":"if","locations":[{"start":{"line":285,"column":2},"end":{"line":285,"column":null}},{"start":{},"end":{}}],"line":285},"34":{"loc":{"start":{"line":286,"column":2},"end":{"line":286,"column":null}},"type":"if","locations":[{"start":{"line":286,"column":2},"end":{"line":286,"column":null}},{"start":{},"end":{}}],"line":286},"35":{"loc":{"start":{"line":287,"column":2},"end":{"line":287,"column":null}},"type":"if","locations":[{"start":{"line":287,"column":2},"end":{"line":287,"column":null}},{"start":{},"end":{}}],"line":287},"36":{"loc":{"start":{"line":289,"column":56},"end":{"line":289,"column":76}},"type":"cond-expr","locations":[{"start":{"line":289,"column":61},"end":{"line":289,"column":72}},{"start":{"line":289,"column":72},"end":{"line":289,"column":76}}],"line":289},"37":{"loc":{"start":{"line":296,"column":2},"end":{"line":296,"column":null}},"type":"if","locations":[{"start":{"line":296,"column":2},"end":{"line":296,"column":null}},{"start":{},"end":{}}],"line":296},"38":{"loc":{"start":{"line":297,"column":2},"end":{"line":297,"column":null}},"type":"if","locations":[{"start":{"line":297,"column":2},"end":{"line":297,"column":null}},{"start":{},"end":{}}],"line":297},"39":{"loc":{"start":{"line":302,"column":2},"end":{"line":308,"column":null}},"type":"default-arg","locations":[{"start":{"line":308,"column":6},"end":{"line":308,"column":null}}],"line":302},"40":{"loc":{"start":{"line":311,"column":2},"end":{"line":311,"column":null}},"type":"if","locations":[{"start":{"line":311,"column":2},"end":{"line":311,"column":null}},{"start":{},"end":{}}],"line":311},"41":{"loc":{"start":{"line":312,"column":2},"end":{"line":312,"column":null}},"type":"if","locations":[{"start":{"line":312,"column":2},"end":{"line":312,"column":null}},{"start":{},"end":{}}],"line":312},"42":{"loc":{"start":{"line":313,"column":2},"end":{"line":313,"column":null}},"type":"if","locations":[{"start":{"line":313,"column":2},"end":{"line":313,"column":null}},{"start":{},"end":{}}],"line":313},"43":{"loc":{"start":{"line":314,"column":2},"end":{"line":314,"column":null}},"type":"if","locations":[{"start":{"line":314,"column":2},"end":{"line":314,"column":null}},{"start":{},"end":{}}],"line":314},"44":{"loc":{"start":{"line":315,"column":2},"end":{"line":315,"column":null}},"type":"if","locations":[{"start":{"line":315,"column":2},"end":{"line":315,"column":null}},{"start":{},"end":{}}],"line":315},"45":{"loc":{"start":{"line":317,"column":61},"end":{"line":317,"column":81}},"type":"cond-expr","locations":[{"start":{"line":317,"column":66},"end":{"line":317,"column":77}},{"start":{"line":317,"column":77},"end":{"line":317,"column":81}}],"line":317},"46":{"loc":{"start":{"line":321,"column":2},"end":{"line":327,"column":null}},"type":"default-arg","locations":[{"start":{"line":327,"column":6},"end":{"line":327,"column":null}}],"line":321},"47":{"loc":{"start":{"line":330,"column":2},"end":{"line":330,"column":null}},"type":"if","locations":[{"start":{"line":330,"column":2},"end":{"line":330,"column":null}},{"start":{},"end":{}}],"line":330},"48":{"loc":{"start":{"line":331,"column":2},"end":{"line":331,"column":null}},"type":"if","locations":[{"start":{"line":331,"column":2},"end":{"line":331,"column":null}},{"start":{},"end":{}}],"line":331},"49":{"loc":{"start":{"line":332,"column":2},"end":{"line":332,"column":null}},"type":"if","locations":[{"start":{"line":332,"column":2},"end":{"line":332,"column":null}},{"start":{},"end":{}}],"line":332},"50":{"loc":{"start":{"line":333,"column":2},"end":{"line":333,"column":null}},"type":"if","locations":[{"start":{"line":333,"column":2},"end":{"line":333,"column":null}},{"start":{},"end":{}}],"line":333},"51":{"loc":{"start":{"line":334,"column":2},"end":{"line":334,"column":null}},"type":"if","locations":[{"start":{"line":334,"column":2},"end":{"line":334,"column":null}},{"start":{},"end":{}}],"line":334},"52":{"loc":{"start":{"line":336,"column":72},"end":{"line":336,"column":92}},"type":"cond-expr","locations":[{"start":{"line":336,"column":77},"end":{"line":336,"column":88}},{"start":{"line":336,"column":88},"end":{"line":336,"column":92}}],"line":336},"53":{"loc":{"start":{"line":361,"column":2},"end":{"line":361,"column":null}},"type":"if","locations":[{"start":{"line":361,"column":2},"end":{"line":361,"column":null}},{"start":{},"end":{}}],"line":361},"54":{"loc":{"start":{"line":372,"column":2},"end":{"line":372,"column":null}},"type":"if","locations":[{"start":{"line":372,"column":2},"end":{"line":372,"column":null}},{"start":{},"end":{}}],"line":372},"55":{"loc":{"start":{"line":380,"column":2},"end":{"line":380,"column":null}},"type":"if","locations":[{"start":{"line":380,"column":2},"end":{"line":380,"column":null}},{"start":{},"end":{}}],"line":380},"56":{"loc":{"start":{"line":381,"column":2},"end":{"line":383,"column":null}},"type":"if","locations":[{"start":{"line":381,"column":2},"end":{"line":383,"column":null}},{"start":{},"end":{}}],"line":381},"57":{"loc":{"start":{"line":391,"column":2},"end":{"line":394,"column":null}},"type":"if","locations":[{"start":{"line":391,"column":2},"end":{"line":394,"column":null}},{"start":{},"end":{}}],"line":391},"58":{"loc":{"start":{"line":393,"column":21},"end":{"line":393,"column":95}},"type":"binary-expr","locations":[{"start":{"line":393,"column":21},"end":{"line":393,"column":60}},{"start":{"line":393,"column":60},"end":{"line":393,"column":95}}],"line":393},"59":{"loc":{"start":{"line":402,"column":2},"end":{"line":402,"column":null}},"type":"if","locations":[{"start":{"line":402,"column":2},"end":{"line":402,"column":null}},{"start":{},"end":{}}],"line":402},"60":{"loc":{"start":{"line":410,"column":2},"end":{"line":410,"column":null}},"type":"if","locations":[{"start":{"line":410,"column":2},"end":{"line":410,"column":null}},{"start":{},"end":{}}],"line":410},"61":{"loc":{"start":{"line":423,"column":2},"end":{"line":425,"column":null}},"type":"if","locations":[{"start":{"line":423,"column":2},"end":{"line":425,"column":null}},{"start":{},"end":{}}],"line":423},"62":{"loc":{"start":{"line":439,"column":2},"end":{"line":441,"column":null}},"type":"if","locations":[{"start":{"line":439,"column":2},"end":{"line":441,"column":null}},{"start":{},"end":{}}],"line":439},"63":{"loc":{"start":{"line":454,"column":2},"end":{"line":456,"column":null}},"type":"if","locations":[{"start":{"line":454,"column":2},"end":{"line":456,"column":null}},{"start":{},"end":{}}],"line":454}},"s":{"0":0,"1":0,"2":3,"3":0,"4":0,"5":0,"6":0,"7":0,"8":0,"9":0,"10":0,"11":0,"12":0,"13":0,"14":0,"15":0,"16":0,"17":0,"18":0,"19":0,"20":0,"21":0,"22":0,"23":0,"24":0,"25":0,"26":0,"27":0,"28":0,"29":0,"30":0,"31":0,"32":0,"33":0,"34":0,"35":0,"36":0,"37":0,"38":0,"39":0,"40":0,"41":0,"42":0,"43":0,"44":0,"45":0,"46":0,"47":0,"48":0,"49":0,"50":0,"51":0,"52":0,"53":0,"54":0,"55":0,"56":0,"57":0,"58":4,"59":4,"60":2,"61":1,"62":1,"63":2,"64":2,"65":14,"66":0,"67":0,"68":0,"69":0,"70":0,"71":0,"72":0,"73":0,"74":0,"75":0,"76":0,"77":0,"78":0,"79":0,"80":0,"81":0,"82":0,"83":0,"84":0,"85":0,"86":0,"87":0,"88":0,"89":0,"90":0,"91":0,"92":0,"93":0,"94":0,"95":0,"96":0,"97":0,"98":0,"99":0,"100":0,"101":0,"102":0,"103":0,"104":0,"105":0,"106":0,"107":0,"108":0,"109":0,"110":0,"111":0,"112":0,"113":0,"114":0,"115":0,"116":0,"117":0,"118":0,"119":0,"120":0,"121":0,"122":14,"123":0,"124":0,"125":0,"126":0,"127":0,"128":0,"129":0,"130":0,"131":0,"132":0,"133":0,"134":0,"135":0,"136":0,"137":0,"138":0,"139":0,"140":0,"141":0,"142":0,"143":0,"144":0,"145":0,"146":0,"147":0,"148":0,"149":0,"150":0,"151":14,"152":0,"153":0,"154":0,"155":0,"156":0,"157":0,"158":0},"f":{"0":0,"1":0,"2":0,"3":0,"4":0,"5":0,"6":0,"7":0,"8":0,"9":0,"10":0,"11":0,"12":0,"13":0,"14":0,"15":0,"16":0,"17":0,"18":0,"19":0,"20":0,"21":0,"22":4,"23":14,"24":0,"25":0,"26":0,"27":0,"28":14,"29":0,"30":0,"31":0,"32":0,"33":0,"34":0,"35":0,"36":0,"37":14,"38":0},"b":{"0":[0,0],"1":[0,0],"2":[3,3],"3":[0,0],"4":[0,0],"5":[0,0],"6":[0,0],"7":[0,0],"8":[0,0],"9":[0,0],"10":[0,0],"11":[0,0],"12":[0,0],"13":[0,0],"14":[0,0],"15":[0,0],"16":[0,0],"17":[0,0],"18":[0,0],"19":[0,0],"20":[0,0],"21":[0,0],"22":[4],"23":[2,2],"24":[1,1],"25":[0,0],"26":[0],"27":[0,0],"28":[0,0],"29":[0,0],"30":[0,0],"31":[0,0],"32":[0,0],"33":[0,0],"34":[0,0],"35":[0,0],"36":[0,0],"37":[0,0],"38":[0,0],"39":[0],"40":[0,0],"41":[0,0],"42":[0,0],"43":[0,0],"44":[0,0],"45":[0,0],"46":[0],"47":[0,0],"48":[0,0],"49":[0,0],"50":[0,0],"51":[0,0],"52":[0,0],"53":[0,0],"54":[0,0],"55":[0,0],"56":[0,0],"57":[0,0],"58":[0,0],"59":[0,0],"60":[0,0],"61":[0,0],"62":[0,0],"63":[0,0]},"meta":{"lastBranch":64,"lastFunction":39,"lastStatement":159,"seen":{"f:43:46:43:Infinity":0,"s:44:2:46:Infinity":0,"b:44:10:44:25:44:25:44:27":0,"f:44:29:44:Infinity":1,"s:45:16:45:Infinity":1,"b:45:16:45:61:45:61:45:Infinity":1,"s:112:17:112:Infinity":2,"b:112:17:112:50:112:50:112:Infinity":2,"f:114:15:114:30":2,"s:115:19:120:Infinity":3,"b:116:19:116:28:116:28:116:Infinity":3,"b:118:20:118:61:118:61:118:Infinity":4,"b:119:17:119:40:119:40:119:Infinity":5,"b:121:2:124:Infinity:undefined:undefined:undefined:undefined":6,"s:121:2:124:Infinity":4,"s:122:21:122:Infinity":5,"f:122:43:122:55":3,"s:122:55:122:59":6,"s:123:4:123:Infinity":7,"b:123:20:123:39:123:39:123:90":7,"s:125:2:125:Infinity":8,"b:125:36:125:55:125:55:125:Infinity":8,"f:128:22:128:62":4,"s:129:19:129:Infinity":9,"b:130:2:132:Infinity:undefined:undefined:undefined:undefined":9,"s:130:2:132:Infinity":10,"s:131:4:131:Infinity":11,"b:133:2:135:Infinity:undefined:undefined:undefined:undefined":10,"s:133:2:135:Infinity":12,"s:134:4:134:Infinity":13,"s:136:2:136:Infinity":14,"f:139:16:139:25":5,"s:140:2:140:Infinity":15,"f:143:16:143:22":6,"s:144:2:144:Infinity":16,"f:147:16:147:40":7,"s:148:2:155:Infinity":17,"f:151:10:151:17":8,"b:152:4:154:Infinity:undefined:undefined:undefined:undefined":11,"s:152:4:154:Infinity":18,"s:153:6:153:Infinity":19,"f:158:16:158:28":9,"s:159:2:159:Infinity":20,"f:162:16:162:37":10,"s:163:2:163:Infinity":21,"f:166:16:166:30":11,"s:167:2:167:Infinity":22,"f:170:22:170:35":12,"s:171:19:171:Infinity":23,"s:172:2:172:Infinity":24,"s:173:19:177:Infinity":25,"b:178:2:181:Infinity:undefined:undefined:undefined:undefined":12,"s:178:2:181:Infinity":26,"s:179:21:179:Infinity":27,"f:179:43:179:55":13,"s:179:55:179:59":28,"s:180:4:180:Infinity":29,"b:180:20:180:39:180:39:180:81":13,"s:182:2:182:Infinity":30,"f:185:22:185:70":14,"s:186:19:189:Infinity":31,"b:190:2:193:Infinity:undefined:undefined:undefined:undefined":14,"s:190:2:193:Infinity":32,"s:191:21:191:Infinity":33,"f:191:43:191:55":15,"s:191:55:191:59":34,"s:192:4:192:Infinity":35,"b:192:20:192:39:192:39:192:89":15,"s:194:2:194:Infinity":36,"f:197:22:197:53":16,"s:198:22:198:Infinity":37,"s:199:19:202:Infinity":38,"b:203:2:205:Infinity:undefined:undefined:undefined:undefined":16,"s:203:2:205:Infinity":39,"s:204:4:204:Infinity":40,"s:206:2:206:Infinity":41,"f:209:22:209:60":17,"s:210:19:213:Infinity":42,"b:214:2:217:Infinity:undefined:undefined:undefined:undefined":17,"s:214:2:217:Infinity":43,"s:215:21:215:Infinity":44,"f:215:43:215:55":18,"s:215:55:215:59":45,"s:216:4:216:Infinity":46,"b:216:20:216:39:216:39:216:76":18,"s:218:2:218:Infinity":47,"f:221:22:221:56":19,"s:222:19:225:Infinity":48,"b:226:2:229:Infinity:undefined:undefined:undefined:undefined":19,"s:226:2:229:Infinity":49,"s:227:21:227:Infinity":50,"f:227:43:227:55":20,"s:227:55:227:59":51,"s:228:4:228:Infinity":52,"b:228:20:228:39:228:39:228:76":20,"s:230:2:230:Infinity":53,"f:233:22:233:39":21,"s:234:19:236:Infinity":54,"b:237:2:239:Infinity:undefined:undefined:undefined:undefined":21,"s:237:2:239:Infinity":55,"s:238:4:238:Infinity":56,"s:240:2:240:Infinity":57,"f:243:22:243:Infinity":22,"b:244:53:244:Infinity":22,"s:246:19:248:Infinity":58,"b:249:2:252:Infinity:undefined:undefined:undefined:undefined":23,"s:249:2:252:Infinity":59,"b:250:4:250:Infinity:undefined:undefined:undefined:undefined":24,"s:250:4:250:Infinity":60,"s:250:33:250:Infinity":61,"s:251:4:251:Infinity":62,"s:253:16:253:Infinity":63,"s:254:2:254:Infinity":64,"f:257:15:257:26":23,"s:258:19:258:Infinity":65,"b:259:2:261:Infinity:undefined:undefined:undefined:undefined":25,"s:259:2:261:Infinity":66,"s:260:4:260:Infinity":67,"s:262:2:262:Infinity":68,"f:265:16:265:Infinity":24,"b:276:6:276:Infinity":26,"s:278:23:278:Infinity":69,"b:279:2:279:Infinity:undefined:undefined:undefined:undefined":27,"s:279:2:279:Infinity":70,"s:279:30:279:Infinity":71,"b:280:2:280:Infinity:undefined:undefined:undefined:undefined":28,"s:280:2:280:Infinity":72,"s:280:20:280:Infinity":73,"b:281:2:281:Infinity:undefined:undefined:undefined:undefined":29,"s:281:2:281:Infinity":74,"s:281:21:281:Infinity":75,"b:282:2:282:Infinity:undefined:undefined:undefined:undefined":30,"s:282:2:282:Infinity":76,"s:282:20:282:Infinity":77,"b:283:2:283:Infinity:undefined:undefined:undefined:undefined":31,"s:283:2:283:Infinity":78,"s:283:21:283:Infinity":79,"b:284:2:284:Infinity:undefined:undefined:undefined:undefined":32,"s:284:2:284:Infinity":80,"s:284:23:284:Infinity":81,"b:285:2:285:Infinity:undefined:undefined:undefined:undefined":33,"s:285:2:285:Infinity":82,"s:285:24:285:Infinity":83,"b:286:2:286:Infinity:undefined:undefined:undefined:undefined":34,"s:286:2:286:Infinity":84,"s:286:19:286:Infinity":85,"b:287:2:287:Infinity:undefined:undefined:undefined:undefined":35,"s:287:2:287:Infinity":86,"s:287:24:287:Infinity":87,"s:288:13:288:Infinity":88,"s:289:2:289:Infinity":89,"b:289:61:289:72:289:72:289:76":36,"f:292:22:292:29":25,"s:293:19:295:Infinity":90,"b:296:2:296:Infinity:undefined:undefined:undefined:undefined":37,"s:296:2:296:Infinity":91,"s:296:31:296:Infinity":92,"b:297:2:297:Infinity:undefined:undefined:undefined:undefined":38,"s:297:2:297:Infinity":93,"s:297:20:297:Infinity":94,"s:298:2:298:Infinity":95,"f:301:16:301:Infinity":26,"b:308:6:308:Infinity":39,"s:310:23:310:Infinity":96,"b:311:2:311:Infinity:undefined:undefined:undefined:undefined":40,"s:311:2:311:Infinity":97,"s:311:20:311:Infinity":98,"b:312:2:312:Infinity:undefined:undefined:undefined:undefined":41,"s:312:2:312:Infinity":99,"s:312:21:312:Infinity":100,"b:313:2:313:Infinity:undefined:undefined:undefined:undefined":42,"s:313:2:313:Infinity":101,"s:313:20:313:Infinity":102,"b:314:2:314:Infinity:undefined:undefined:undefined:undefined":43,"s:314:2:314:Infinity":103,"s:314:29:314:Infinity":104,"b:315:2:315:Infinity:undefined:undefined:undefined:undefined":44,"s:315:2:315:Infinity":105,"s:315:19:315:Infinity":106,"s:316:13:316:Infinity":107,"s:317:2:317:Infinity":108,"b:317:66:317:77:317:77:317:81":45,"f:320:16:320:Infinity":27,"b:327:6:327:Infinity":46,"s:329:23:329:Infinity":109,"b:330:2:330:Infinity:undefined:undefined:undefined:undefined":47,"s:330:2:330:Infinity":110,"s:330:20:330:Infinity":111,"b:331:2:331:Infinity:undefined:undefined:undefined:undefined":48,"s:331:2:331:Infinity":112,"s:331:21:331:Infinity":113,"b:332:2:332:Infinity:undefined:undefined:undefined:undefined":49,"s:332:2:332:Infinity":114,"s:332:20:332:Infinity":115,"b:333:2:333:Infinity:undefined:undefined:undefined:undefined":50,"s:333:2:333:Infinity":116,"s:333:33:333:Infinity":117,"b:334:2:334:Infinity:undefined:undefined:undefined:undefined":51,"s:334:2:334:Infinity":118,"s:334:19:334:Infinity":119,"s:335:13:335:Infinity":120,"s:336:2:336:Infinity":121,"b:336:77:336:88:336:88:336:92":52,"f:349:22:349:61":28,"s:350:15:350:Infinity":122,"s:351:2:351:Infinity":123,"f:354:22:354:38":29,"s:355:19:360:Infinity":124,"b:361:2:361:Infinity:undefined:undefined:undefined:undefined":53,"s:361:2:361:Infinity":125,"s:361:20:361:Infinity":126,"s:362:2:362:Infinity":127,"f:365:22:365:38":30,"s:366:19:371:Infinity":128,"b:372:2:372:Infinity:undefined:undefined:undefined:undefined":54,"s:372:2:372:Infinity":129,"s:372:20:372:Infinity":130,"f:375:22:375:38":31,"s:376:19:379:Infinity":131,"b:380:2:380:Infinity:undefined:undefined:undefined:undefined":55,"s:380:2:380:Infinity":132,"s:380:20:380:Infinity":133,"b:381:2:383:Infinity:undefined:undefined:undefined:undefined":56,"s:381:2:383:Infinity":134,"s:382:4:382:Infinity":135,"f:386:22:386:38":32,"s:387:19:390:Infinity":136,"b:391:2:394:Infinity:undefined:undefined:undefined:undefined":57,"s:391:2:394:Infinity":137,"s:392:17:392:Infinity":138,"f:392:39:392:52":33,"s:392:52:392:55":139,"s:393:4:393:Infinity":140,"b:393:21:393:60:393:60:393:95":58,"f:397:22:397:52":34,"s:398:19:401:Infinity":141,"b:402:2:402:Infinity:undefined:undefined:undefined:undefined":59,"s:402:2:402:Infinity":142,"s:402:20:402:Infinity":143,"f:405:22:405:53":35,"s:406:19:409:Infinity":144,"b:410:2:410:Infinity:undefined:undefined:undefined:undefined":60,"s:410:2:410:Infinity":145,"s:410:20:410:Infinity":146,"f:413:22:413:Infinity":36,"s:417:19:422:Infinity":147,"b:423:2:425:Infinity:undefined:undefined:undefined:undefined":61,"s:423:2:425:Infinity":148,"s:424:4:424:Infinity":149,"s:426:2:426:Infinity":150,"f:435:22:435:79":37,"s:436:19:438:Infinity":151,"b:439:2:441:Infinity:undefined:undefined:undefined:undefined":62,"s:439:2:441:Infinity":152,"s:440:4:440:Infinity":153,"s:442:2:442:Infinity":154,"f:445:22:445:Infinity":38,"s:448:19:453:Infinity":155,"b:454:2:456:Infinity:undefined:undefined:undefined:undefined":63,"s:454:2:456:Infinity":156,"s:455:4:455:Infinity":157,"s:457:2:457:Infinity":158},"fnNames":{}}}
,"/Users/siddanthmacherla/career-agent/apps/web/src/app/router.tsx": {"path":"/Users/siddanthmacherla/career-agent/apps/web/src/app/router.tsx","statementMap":{"0":{"start":{"line":15,"column":2},"end":{"line":36,"column":null}},"1":{"start":{"line":41,"column":28},"end":{"line":41,"column":36}},"2":{"start":{"line":42,"column":2},"end":{"line":44,"column":null}},"3":{"start":{"line":43,"column":4},"end":{"line":43,"column":null}},"4":{"start":{"line":45,"column":2},"end":{"line":45,"column":null}},"5":{"start":{"line":49,"column":28},"end":{"line":49,"column":36}},"6":{"start":{"line":50,"column":2},"end":{"line":52,"column":null}},"7":{"start":{"line":51,"column":4},"end":{"line":51,"column":null}},"8":{"start":{"line":53,"column":2},"end":{"line":53,"column":null}},"9":{"start":{"line":57,"column":2},"end":{"line":69,"column":null}}},"fnMap":{"0":{"name":"AppRouter","decl":{"start":{"line":14,"column":16},"end":{"line":14,"column":28}},"loc":{"start":{"line":14,"column":28},"end":{"line":38,"column":null}},"line":14},"1":{"name":"PublicRoute","decl":{"start":{"line":40,"column":9},"end":{"line":40,"column":23}},"loc":{"start":{"line":40,"column":23},"end":{"line":46,"column":null}},"line":40},"2":{"name":"ProtectedRoute","decl":{"start":{"line":48,"column":9},"end":{"line":48,"column":26}},"loc":{"start":{"line":48,"column":26},"end":{"line":54,"column":null}},"line":48},"3":{"name":"LoadingScreen","decl":{"start":{"line":56,"column":9},"end":{"line":56,"column":25}},"loc":{"start":{"line":56,"column":25},"end":{"line":71,"column":null}},"line":56}},"branchMap":{"0":{"loc":{"start":{"line":42,"column":2},"end":{"line":44,"column":null}},"type":"if","locations":[{"start":{"line":42,"column":2},"end":{"line":44,"column":null}},{"start":{},"end":{}}],"line":42},"1":{"loc":{"start":{"line":45,"column":9},"end":{"line":45,"column":null}},"type":"cond-expr","locations":[{"start":{"line":45,"column":16},"end":{"line":45,"column":50}},{"start":{"line":45,"column":49},"end":{"line":45,"column":null}}],"line":45},"2":{"loc":{"start":{"line":50,"column":2},"end":{"line":52,"column":null}},"type":"if","locations":[{"start":{"line":50,"column":2},"end":{"line":52,"column":null}},{"start":{},"end":{}}],"line":50},"3":{"loc":{"start":{"line":53,"column":9},"end":{"line":53,"column":null}},"type":"cond-expr","locations":[{"start":{"line":53,"column":16},"end":{"line":53,"column":30}},{"start":{"line":53,"column":29},"end":{"line":53,"column":null}}],"line":53}},"s":{"0":1,"1":1,"2":1,"3":1,"4":0,"5":0,"6":0,"7":0,"8":0,"9":1},"f":{"0":1,"1":1,"2":0,"3":1},"b":{"0":[1,0],"1":[0,0],"2":[0,0],"3":[0,0]},"meta":{"lastBranch":4,"lastFunction":4,"lastStatement":10,"seen":{"f:14:16:14:28":0,"s:15:2:36:Infinity":0,"f:40:9:40:23":1,"s:41:28:41:36":1,"b:42:2:44:Infinity:undefined:undefined:undefined:undefined":0,"s:42:2:44:Infinity":2,"s:43:4:43:Infinity":3,"s:45:2:45:Infinity":4,"b:45:16:45:50:45:49:45:Infinity":1,"f:48:9:48:26":2,"s:49:28:49:36":5,"b:50:2:52:Infinity:undefined:undefined:undefined:undefined":2,"s:50:2:52:Infinity":6,"s:51:4:51:Infinity":7,"s:53:2:53:Infinity":8,"b:53:16:53:30:53:29:53:Infinity":3,"f:56:9:56:25":3,"s:57:2:69:Infinity":9},"fnNames":{}}}
,"/Users/siddanthmacherla/career-agent/apps/web/src/features/auth/AuthPage.tsx": {"path":"/Users/siddanthmacherla/career-agent/apps/web/src/features/auth/AuthPage.tsx","statementMap":{"0":{"start":{"line":20,"column":19},"end":{"line":20,"column":31}},"1":{"start":{"line":21,"column":19},"end":{"line":21,"column":31}},"2":{"start":{"line":22,"column":22},"end":{"line":22,"column":30}},"3":{"start":{"line":23,"column":16},"end":{"line":23,"column":null}},"4":{"start":{"line":24,"column":16},"end":{"line":24,"column":null}},"5":{"start":{"line":25,"column":21},"end":{"line":25,"column":null}},"6":{"start":{"line":26,"column":15},"end":{"line":26,"column":null}},"7":{"start":{"line":28,"column":28},"end":{"line":28,"column":null}},"8":{"start":{"line":29,"column":34},"end":{"line":29,"column":null}},"9":{"start":{"line":30,"column":28},"end":{"line":32,"column":null}},"10":{"start":{"line":33,"column":32},"end":{"line":33,"column":null}},"11":{"start":{"line":34,"column":26},"end":{"line":34,"column":null}},"12":{"start":{"line":35,"column":40},"end":{"line":35,"column":null}},"13":{"start":{"line":36,"column":21},"end":{"line":36,"column":null}},"14":{"start":{"line":37,"column":19},"end":{"line":37,"column":null}},"15":{"start":{"line":38,"column":18},"end":{"line":38,"column":null}},"16":{"start":{"line":40,"column":2},"end":{"line":52,"column":null}},"17":{"start":{"line":41,"column":4},"end":{"line":41,"column":null}},"18":{"start":{"line":41,"column":43},"end":{"line":41,"column":null}},"19":{"start":{"line":42,"column":4},"end":{"line":42,"column":null}},"20":{"start":{"line":43,"column":4},"end":{"line":51,"column":null}},"21":{"start":{"line":45,"column":8},"end":{"line":45,"column":null}},"22":{"start":{"line":46,"column":8},"end":{"line":46,"column":null}},"23":{"start":{"line":49,"column":8},"end":{"line":49,"column":null}},"24":{"start":{"line":51,"column":21},"end":{"line":51,"column":35}},"25":{"start":{"line":54,"column":54},"end":{"line":103,"column":null}},"26":{"start":{"line":55,"column":4},"end":{"line":55,"column":null}},"27":{"start":{"line":56,"column":4},"end":{"line":56,"column":null}},"28":{"start":{"line":57,"column":4},"end":{"line":57,"column":null}},"29":{"start":{"line":58,"column":4},"end":{"line":58,"column":null}},"30":{"start":{"line":59,"column":41},"end":{"line":69,"column":null}},"31":{"start":{"line":61,"column":29},"end":{"line":61,"column":null}},"32":{"start":{"line":62,"column":10},"end":{"line":62,"column":null}},"33":{"start":{"line":66,"column":34},"end":{"line":66,"column":null}},"34":{"start":{"line":67,"column":12},"end":{"line":67,"column":null}},"35":{"start":{"line":70,"column":4},"end":{"line":70,"column":null}},"36":{"start":{"line":71,"column":4},"end":{"line":71,"column":null}},"37":{"start":{"line":71,"column":44},"end":{"line":71,"column":null}},"38":{"start":{"line":72,"column":4},"end":{"line":83,"column":null}},"39":{"start":{"line":73,"column":6},"end":{"line":73,"column":null}},"40":{"start":{"line":74,"column":6},"end":{"line":81,"column":null}},"41":{"start":{"line":75,"column":8},"end":{"line":75,"column":null}},"42":{"start":{"line":76,"column":8},"end":{"line":76,"column":null}},"43":{"start":{"line":78,"column":8},"end":{"line":78,"column":null}},"44":{"start":{"line":80,"column":8},"end":{"line":80,"column":null}},"45":{"start":{"line":82,"column":6},"end":{"line":82,"column":null}},"46":{"start":{"line":84,"column":4},"end":{"line":84,"column":null}},"47":{"start":{"line":85,"column":4},"end":{"line":102,"column":null}},"48":{"start":{"line":87,"column":8},"end":{"line":91,"column":null}},"49":{"start":{"line":92,"column":6},"end":{"line":95,"column":null}},"50":{"start":{"line":93,"column":8},"end":{"line":93,"column":null}},"51":{"start":{"line":94,"column":8},"end":{"line":94,"column":null}},"52":{"start":{"line":96,"column":6},"end":{"line":96,"column":null}},"53":{"start":{"line":97,"column":6},"end":{"line":97,"column":null}},"54":{"start":{"line":99,"column":6},"end":{"line":99,"column":null}},"55":{"start":{"line":101,"column":6},"end":{"line":101,"column":null}},"56":{"start":{"line":105,"column":2},"end":{"line":142,"column":null}},"57":{"start":{"line":106,"column":4},"end":{"line":115,"column":null}},"58":{"start":{"line":107,"column":6},"end":{"line":115,"column":null}},"59":{"start":{"line":117,"column":4},"end":{"line":127,"column":null}},"60":{"start":{"line":118,"column":6},"end":{"line":127,"column":null}},"61":{"start":{"line":129,"column":4},"end":{"line":140,"column":null}},"62":{"start":{"line":143,"column":2},"end":{"line":152,"column":null}},"63":{"start":{"line":144,"column":4},"end":{"line":152,"column":null}},"64":{"start":{"line":155,"column":16},"end":{"line":161,"column":null}},"65":{"start":{"line":162,"column":25},"end":{"line":168,"column":null}},"66":{"start":{"line":169,"column":22},"end":{"line":183,"column":null}},"67":{"start":{"line":184,"column":2},"end":{"line":243,"column":null}},"68":{"start":{"line":198,"column":14},"end":{"line":198,"column":null}},"69":{"start":{"line":199,"column":14},"end":{"line":199,"column":null}},"70":{"start":{"line":199,"column":43},"end":{"line":199,"column":76}},"71":{"start":{"line":209,"column":14},"end":{"line":209,"column":null}},"72":{"start":{"line":210,"column":14},"end":{"line":210,"column":null}},"73":{"start":{"line":210,"column":43},"end":{"line":210,"column":79}}},"fnMap":{"0":{"name":"AuthPage","decl":{"start":{"line":19,"column":16},"end":{"line":19,"column":27}},"loc":{"start":{"line":19,"column":27},"end":{"line":245,"column":null}},"line":19},"1":{"name":"(anonymous_1)","decl":{"start":{"line":40,"column":2},"end":{"line":40,"column":18}},"loc":{"start":{"line":40,"column":18},"end":{"line":52,"column":5}},"line":40},"2":{"name":"(anonymous_2)","decl":{"start":{"line":44,"column":7},"end":{"line":44,"column":13}},"loc":{"start":{"line":44,"column":22},"end":{"line":47,"column":7}},"line":44},"3":{"name":"(anonymous_3)","decl":{"start":{"line":48,"column":7},"end":{"line":48,"column":14}},"loc":{"start":{"line":49,"column":8},"end":{"line":49,"column":null}},"line":49},"4":{"name":"(anonymous_4)","decl":{"start":{"line":51,"column":7},"end":{"line":51,"column":21}},"loc":{"start":{"line":51,"column":21},"end":{"line":51,"column":35}},"line":51},"5":{"name":"(anonymous_5)","decl":{"start":{"line":54,"column":54},"end":{"line":54,"column":61}},"loc":{"start":{"line":54,"column":71},"end":{"line":103,"column":null}},"line":54},"6":{"name":"(anonymous_6)","decl":{"start":{"line":59,"column":41},"end":{"line":59,"column":null}},"loc":{"start":{"line":60,"column":15},"end":{"line":63,"column":9}},"line":60},"7":{"name":"(anonymous_7)","decl":{"start":{"line":64,"column":8},"end":{"line":64,"column":null}},"loc":{"start":{"line":65,"column":17},"end":{"line":68,"column":11}},"line":65},"8":{"name":"(anonymous_8)","decl":{"start":{"line":197,"column":12},"end":{"line":197,"column":23}},"loc":{"start":{"line":197,"column":33},"end":{"line":200,"column":null}},"line":197},"9":{"name":"(anonymous_9)","decl":{"start":{"line":199,"column":14},"end":{"line":199,"column":30}},"loc":{"start":{"line":199,"column":43},"end":{"line":199,"column":76}},"line":199},"10":{"name":"(anonymous_10)","decl":{"start":{"line":208,"column":12},"end":{"line":208,"column":23}},"loc":{"start":{"line":208,"column":33},"end":{"line":211,"column":null}},"line":208},"11":{"name":"(anonymous_11)","decl":{"start":{"line":210,"column":14},"end":{"line":210,"column":30}},"loc":{"start":{"line":210,"column":43},"end":{"line":210,"column":79}},"line":210}},"branchMap":{"0":{"loc":{"start":{"line":31,"column":4},"end":{"line":31,"column":null}},"type":"cond-expr","locations":[{"start":{"line":31,"column":17},"end":{"line":31,"column":78}},{"start":{"line":31,"column":78},"end":{"line":31,"column":null}}],"line":31},"1":{"loc":{"start":{"line":41,"column":4},"end":{"line":41,"column":null}},"type":"if","locations":[{"start":{"line":41,"column":4},"end":{"line":41,"column":null}},{"start":{},"end":{}}],"line":41},"2":{"loc":{"start":{"line":41,"column":8},"end":{"line":41,"column":43}},"type":"binary-expr","locations":[{"start":{"line":41,"column":8},"end":{"line":41,"column":35}},{"start":{"line":41,"column":35},"end":{"line":41,"column":43}}],"line":41},"3":{"loc":{"start":{"line":49,"column":17},"end":{"line":49,"column":89}},"type":"cond-expr","locations":[{"start":{"line":49,"column":43},"end":{"line":49,"column":60}},{"start":{"line":49,"column":60},"end":{"line":49,"column":89}}],"line":49},"4":{"loc":{"start":{"line":59,"column":41},"end":{"line":69,"column":null}},"type":"cond-expr","locations":[{"start":{"line":59,"column":41},"end":{"line":63,"column":null}},{"start":{"line":64,"column":8},"end":{"line":69,"column":null}}],"line":59},"5":{"loc":{"start":{"line":62,"column":17},"end":{"line":62,"column":null}},"type":"cond-expr","locations":[{"start":{"line":62,"column":30},"end":{"line":62,"column":54}},{"start":{"line":62,"column":54},"end":{"line":62,"column":null}}],"line":62},"6":{"loc":{"start":{"line":64,"column":8},"end":{"line":69,"column":null}},"type":"cond-expr","locations":[{"start":{"line":64,"column":8},"end":{"line":68,"column":null}},{"start":{"line":69,"column":10},"end":{"line":69,"column":null}}],"line":64},"7":{"loc":{"start":{"line":67,"column":19},"end":{"line":67,"column":null}},"type":"cond-expr","locations":[{"start":{"line":67,"column":35},"end":{"line":67,"column":65}},{"start":{"line":67,"column":65},"end":{"line":67,"column":null}}],"line":67},"8":{"loc":{"start":{"line":71,"column":4},"end":{"line":71,"column":null}},"type":"if","locations":[{"start":{"line":71,"column":4},"end":{"line":71,"column":null}},{"start":{},"end":{}}],"line":71},"9":{"loc":{"start":{"line":72,"column":4},"end":{"line":83,"column":null}},"type":"if","locations":[{"start":{"line":72,"column":4},"end":{"line":83,"column":null}},{"start":{},"end":{}}],"line":72},"10":{"loc":{"start":{"line":78,"column":17},"end":{"line":78,"column":87}},"type":"cond-expr","locations":[{"start":{"line":78,"column":43},"end":{"line":78,"column":60}},{"start":{"line":78,"column":60},"end":{"line":78,"column":87}}],"line":78},"11":{"loc":{"start":{"line":87,"column":8},"end":{"line":91,"column":null}},"type":"cond-expr","locations":[{"start":{"line":88,"column":12},"end":{"line":88,"column":null}},{"start":{"line":89,"column":12},"end":{"line":91,"column":null}}],"line":87},"12":{"loc":{"start":{"line":89,"column":12},"end":{"line":91,"column":null}},"type":"cond-expr","locations":[{"start":{"line":90,"column":14},"end":{"line":90,"column":null}},{"start":{"line":91,"column":14},"end":{"line":91,"column":null}}],"line":89},"13":{"loc":{"start":{"line":90,"column":34},"end":{"line":90,"column":47}},"type":"binary-expr","locations":[{"start":{"line":90,"column":34},"end":{"line":90,"column":43}},{"start":{"line":90,"column":43},"end":{"line":90,"column":47}}],"line":90},"14":{"loc":{"start":{"line":92,"column":6},"end":{"line":95,"column":null}},"type":"if","locations":[{"start":{"line":92,"column":6},"end":{"line":95,"column":null}},{"start":{},"end":{}}],"line":92},"15":{"loc":{"start":{"line":99,"column":15},"end":{"line":99,"column":82}},"type":"cond-expr","locations":[{"start":{"line":99,"column":41},"end":{"line":99,"column":58}},{"start":{"line":99,"column":58},"end":{"line":99,"column":82}}],"line":99},"16":{"loc":{"start":{"line":105,"column":2},"end":{"line":142,"column":null}},"type":"if","locations":[{"start":{"line":105,"column":2},"end":{"line":142,"column":null}},{"start":{},"end":{}}],"line":105},"17":{"loc":{"start":{"line":106,"column":4},"end":{"line":115,"column":null}},"type":"if","locations":[{"start":{"line":106,"column":4},"end":{"line":115,"column":null}},{"start":{},"end":{}}],"line":106},"18":{"loc":{"start":{"line":117,"column":4},"end":{"line":127,"column":null}},"type":"if","locations":[{"start":{"line":117,"column":4},"end":{"line":127,"column":null}},{"start":{},"end":{}}],"line":117},"19":{"loc":{"start":{"line":132,"column":15},"end":{"line":132,"column":null}},"type":"cond-expr","locations":[{"start":{"line":132,"column":22},"end":{"line":132,"column":47}},{"start":{"line":132,"column":47},"end":{"line":132,"column":null}}],"line":132},"20":{"loc":{"start":{"line":137,"column":13},"end":{"line":137,"column":null}},"type":"cond-expr","locations":[{"start":{"line":137,"column":20},"end":{"line":137,"column":48}},{"start":{"line":137,"column":48},"end":{"line":137,"column":null}}],"line":137},"21":{"loc":{"start":{"line":143,"column":2},"end":{"line":152,"column":null}},"type":"if","locations":[{"start":{"line":143,"column":2},"end":{"line":152,"column":null}},{"start":{},"end":{}}],"line":143},"22":{"loc":{"start":{"line":143,"column":6},"end":{"line":143,"column":null}},"type":"binary-expr","locations":[{"start":{"line":143,"column":6},"end":{"line":143,"column":17}},{"start":{"line":143,"column":17},"end":{"line":143,"column":null}}],"line":143},"23":{"loc":{"start":{"line":155,"column":16},"end":{"line":161,"column":null}},"type":"cond-expr","locations":[{"start":{"line":156,"column":6},"end":{"line":156,"column":null}},{"start":{"line":157,"column":6},"end":{"line":161,"column":null}}],"line":155},"24":{"loc":{"start":{"line":157,"column":6},"end":{"line":161,"column":null}},"type":"cond-expr","locations":[{"start":{"line":158,"column":8},"end":{"line":158,"column":null}},{"start":{"line":159,"column":8},"end":{"line":161,"column":null}}],"line":157},"25":{"loc":{"start":{"line":159,"column":8},"end":{"line":161,"column":null}},"type":"cond-expr","locations":[{"start":{"line":160,"column":10},"end":{"line":160,"column":null}},{"start":{"line":161,"column":10},"end":{"line":161,"column":null}}],"line":159},"26":{"loc":{"start":{"line":162,"column":25},"end":{"line":168,"column":null}},"type":"cond-expr","locations":[{"start":{"line":163,"column":6},"end":{"line":163,"column":null}},{"start":{"line":164,"column":6},"end":{"line":168,"column":null}}],"line":162},"27":{"loc":{"start":{"line":164,"column":6},"end":{"line":168,"column":null}},"type":"cond-expr","locations":[{"start":{"line":165,"column":8},"end":{"line":165,"column":null}},{"start":{"line":166,"column":8},"end":{"line":168,"column":null}}],"line":164},"28":{"loc":{"start":{"line":166,"column":8},"end":{"line":168,"column":null}},"type":"cond-expr","locations":[{"start":{"line":167,"column":10},"end":{"line":167,"column":null}},{"start":{"line":168,"column":10},"end":{"line":168,"column":null}}],"line":166},"29":{"loc":{"start":{"line":169,"column":22},"end":{"line":183,"column":null}},"type":"cond-expr","locations":[{"start":{"line":170,"column":6},"end":{"line":176,"column":null}},{"start":{"line":177,"column":6},"end":{"line":183,"column":null}}],"line":169},"30":{"loc":{"start":{"line":170,"column":6},"end":{"line":176,"column":null}},"type":"cond-expr","locations":[{"start":{"line":171,"column":8},"end":{"line":171,"column":null}},{"start":{"line":172,"column":8},"end":{"line":176,"column":null}}],"line":170},"31":{"loc":{"start":{"line":172,"column":8},"end":{"line":176,"column":null}},"type":"cond-expr","locations":[{"start":{"line":173,"column":10},"end":{"line":173,"column":null}},{"start":{"line":174,"column":10},"end":{"line":176,"column":null}}],"line":172},"32":{"loc":{"start":{"line":174,"column":10},"end":{"line":176,"column":null}},"type":"cond-expr","locations":[{"start":{"line":175,"column":12},"end":{"line":175,"column":null}},{"start":{"line":176,"column":12},"end":{"line":176,"column":null}}],"line":174},"33":{"loc":{"start":{"line":177,"column":6},"end":{"line":183,"column":null}},"type":"cond-expr","locations":[{"start":{"line":178,"column":8},"end":{"line":178,"column":null}},{"start":{"line":179,"column":8},"end":{"line":183,"column":null}}],"line":177},"34":{"loc":{"start":{"line":179,"column":8},"end":{"line":183,"column":null}},"type":"cond-expr","locations":[{"start":{"line":180,"column":10},"end":{"line":180,"column":null}},{"start":{"line":181,"column":10},"end":{"line":183,"column":null}}],"line":179},"35":{"loc":{"start":{"line":181,"column":10},"end":{"line":183,"column":null}},"type":"cond-expr","locations":[{"start":{"line":182,"column":12},"end":{"line":182,"column":null}},{"start":{"line":183,"column":12},"end":{"line":183,"column":null}}],"line":181},"36":{"loc":{"start":{"line":187,"column":9},"end":{"line":201,"column":null}},"type":"binary-expr","locations":[{"start":{"line":187,"column":9},"end":{"line":187,"column":null}},{"start":{"line":188,"column":10},"end":{"line":201,"column":null}}],"line":187},"37":{"loc":{"start":{"line":203,"column":9},"end":{"line":213,"column":null}},"type":"binary-expr","locations":[{"start":{"line":203,"column":9},"end":{"line":203,"column":null}},{"start":{"line":204,"column":10},"end":{"line":213,"column":null}}],"line":203},"38":{"loc":{"start":{"line":205,"column":26},"end":{"line":205,"column":null}},"type":"cond-expr","locations":[{"start":{"line":205,"column":50},"end":{"line":205,"column":67}},{"start":{"line":205,"column":67},"end":{"line":205,"column":null}}],"line":205},"39":{"loc":{"start":{"line":205,"column":26},"end":{"line":205,"column":50}},"type":"binary-expr","locations":[{"start":{"line":205,"column":26},"end":{"line":205,"column":40}},{"start":{"line":205,"column":40},"end":{"line":205,"column":50}}],"line":205},"40":{"loc":{"start":{"line":219,"column":8},"end":{"line":223,"column":null}},"type":"binary-expr","locations":[{"start":{"line":219,"column":8},"end":{"line":219,"column":28}},{"start":{"line":219,"column":28},"end":{"line":219,"column":null}},{"start":{"line":220,"column":8},"end":{"line":223,"column":null}}],"line":219},"41":{"loc":{"start":{"line":225,"column":7},"end":{"line":231,"column":null}},"type":"binary-expr","locations":[{"start":{"line":225,"column":7},"end":{"line":225,"column":20}},{"start":{"line":225,"column":20},"end":{"line":225,"column":null}},{"start":{"line":226,"column":8},"end":{"line":231,"column":null}}],"line":225},"42":{"loc":{"start":{"line":227,"column":11},"end":{"line":227,"column":null}},"type":"cond-expr","locations":[{"start":{"line":227,"column":24},"end":{"line":227,"column":54}},{"start":{"line":227,"column":54},"end":{"line":227,"column":null}}],"line":227},"43":{"loc":{"start":{"line":228,"column":20},"end":{"line":228,"column":null}},"type":"cond-expr","locations":[{"start":{"line":228,"column":33},"end":{"line":228,"column":44}},{"start":{"line":228,"column":44},"end":{"line":228,"column":null}}],"line":228},"44":{"loc":{"start":{"line":229,"column":13},"end":{"line":229,"column":null}},"type":"cond-expr","locations":[{"start":{"line":229,"column":26},"end":{"line":229,"column":38}},{"start":{"line":229,"column":38},"end":{"line":229,"column":null}}],"line":229},"45":{"loc":{"start":{"line":233,"column":7},"end":{"line":236,"column":null}},"type":"binary-expr","locations":[{"start":{"line":233,"column":7},"end":{"line":233,"column":null}},{"start":{"line":234,"column":8},"end":{"line":236,"column":null}}],"line":233},"46":{"loc":{"start":{"line":238,"column":8},"end":{"line":241,"column":null}},"type":"binary-expr","locations":[{"start":{"line":238,"column":8},"end":{"line":238,"column":20}},{"start":{"line":238,"column":20},"end":{"line":238,"column":null}},{"start":{"line":239,"column":8},"end":{"line":241,"column":null}}],"line":238}},"s":{"0":0,"1":0,"2":0,"3":0,"4":0,"5":0,"6":0,"7":0,"8":0,"9":0,"10":0,"11":0,"12":0,"13":0,"14":0,"15":0,"16":0,"17":0,"18":0,"19":0,"20":0,"21":0,"22":0,"23":0,"24":0,"25":0,"26":0,"27":0,"28":0,"29":0,"30":0,"31":0,"32":0,"33":0,"34":0,"35":0,"36":0,"37":0,"38":0,"39":0,"40":0,"41":0,"42":0,"43":0,"44":0,"45":0,"46":0,"47":0,"48":0,"49":0,"50":0,"51":0,"52":0,"53":0,"54":0,"55":0,"56":0,"57":0,"58":0,"59":0,"60":0,"61":0,"62":0,"63":0,"64":0,"65":0,"66":0,"67":0,"68":0,"69":0,"70":0,"71":0,"72":0,"73":0},"f":{"0":0,"1":0,"2":0,"3":0,"4":0,"5":0,"6":0,"7":0,"8":0,"9":0,"10":0,"11":0},"b":{"0":[0,0],"1":[0,0],"2":[0,0],"3":[0,0],"4":[0,0],"5":[0,0],"6":[0,0],"7":[0,0],"8":[0,0],"9":[0,0],"10":[0,0],"11":[0,0],"12":[0,0],"13":[0,0],"14":[0,0],"15":[0,0],"16":[0,0],"17":[0,0],"18":[0,0],"19":[0,0],"20":[0,0],"21":[0,0],"22":[0,0],"23":[0,0],"24":[0,0],"25":[0,0],"26":[0,0],"27":[0,0],"28":[0,0],"29":[0,0],"30":[0,0],"31":[0,0],"32":[0,0],"33":[0,0],"34":[0,0],"35":[0,0],"36":[0,0],"37":[0,0],"38":[0,0],"39":[0,0],"40":[0,0,0],"41":[0,0,0],"42":[0,0],"43":[0,0],"44":[0,0],"45":[0,0],"46":[0,0,0]},"meta":{"lastBranch":47,"lastFunction":12,"lastStatement":74,"seen":{"f:19:16:19:27":0,"s:20:19:20:31":0,"s:21:19:21:31":1,"s:22:22:22:30":2,"s:23:16:23:Infinity":3,"s:24:16:24:Infinity":4,"s:25:21:25:Infinity":5,"s:26:15:26:Infinity":6,"s:28:28:28:Infinity":7,"s:29:34:29:Infinity":8,"s:30:28:32:Infinity":9,"b:31:17:31:78:31:78:31:Infinity":0,"s:33:32:33:Infinity":10,"s:34:26:34:Infinity":11,"s:35:40:35:Infinity":12,"s:36:21:36:Infinity":13,"s:37:19:37:Infinity":14,"s:38:18:38:Infinity":15,"s:40:2:52:Infinity":16,"f:40:2:40:18":1,"b:41:4:41:Infinity:undefined:undefined:undefined:undefined":1,"s:41:4:41:Infinity":17,"b:41:8:41:35:41:35:41:43":2,"s:41:43:41:Infinity":18,"s:42:4:42:Infinity":19,"s:43:4:51:Infinity":20,"f:44:7:44:13":2,"s:45:8:45:Infinity":21,"s:46:8:46:Infinity":22,"f:48:7:48:14":3,"s:49:8:49:Infinity":23,"b:49:43:49:60:49:60:49:89":3,"f:51:7:51:21":4,"s:51:21:51:35":24,"s:54:54:103:Infinity":25,"f:54:54:54:61":5,"s:55:4:55:Infinity":26,"s:56:4:56:Infinity":27,"s:57:4:57:Infinity":28,"s:58:4:58:Infinity":29,"s:59:41:69:Infinity":30,"b:59:41:63:Infinity:64:8:69:Infinity":4,"f:59:41:59:Infinity":6,"s:61:29:61:Infinity":31,"s:62:10:62:Infinity":32,"b:62:30:62:54:62:54:62:Infinity":5,"b:64:8:68:Infinity:69:10:69:Infinity":6,"f:64:8:64:Infinity":7,"s:66:34:66:Infinity":33,"s:67:12:67:Infinity":34,"b:67:35:67:65:67:65:67:Infinity":7,"s:70:4:70:Infinity":35,"b:71:4:71:Infinity:undefined:undefined:undefined:undefined":8,"s:71:4:71:Infinity":36,"s:71:44:71:Infinity":37,"b:72:4:83:Infinity:undefined:undefined:undefined:undefined":9,"s:72:4:83:Infinity":38,"s:73:6:73:Infinity":39,"s:74:6:81:Infinity":40,"s:75:8:75:Infinity":41,"s:76:8:76:Infinity":42,"s:78:8:78:Infinity":43,"b:78:43:78:60:78:60:78:87":10,"s:80:8:80:Infinity":44,"s:82:6:82:Infinity":45,"s:84:4:84:Infinity":46,"s:85:4:102:Infinity":47,"s:87:8:91:Infinity":48,"b:88:12:88:Infinity:89:12:91:Infinity":11,"b:90:14:90:Infinity:91:14:91:Infinity":12,"b:90:34:90:43:90:43:90:47":13,"b:92:6:95:Infinity:undefined:undefined:undefined:undefined":14,"s:92:6:95:Infinity":49,"s:93:8:93:Infinity":50,"s:94:8:94:Infinity":51,"s:96:6:96:Infinity":52,"s:97:6:97:Infinity":53,"s:99:6:99:Infinity":54,"b:99:41:99:58:99:58:99:82":15,"s:101:6:101:Infinity":55,"b:105:2:142:Infinity:undefined:undefined:undefined:undefined":16,"s:105:2:142:Infinity":56,"b:106:4:115:Infinity:undefined:undefined:undefined:undefined":17,"s:106:4:115:Infinity":57,"s:107:6:115:Infinity":58,"b:117:4:127:Infinity:undefined:undefined:undefined:undefined":18,"s:117:4:127:Infinity":59,"s:118:6:127:Infinity":60,"s:129:4:140:Infinity":61,"b:132:22:132:47:132:47:132:Infinity":19,"b:137:20:137:48:137:48:137:Infinity":20,"b:143:2:152:Infinity:undefined:undefined:undefined:undefined":21,"s:143:2:152:Infinity":62,"b:143:6:143:17:143:17:143:Infinity":22,"s:144:4:152:Infinity":63,"s:155:16:161:Infinity":64,"b:156:6:156:Infinity:157:6:161:Infinity":23,"b:158:8:158:Infinity:159:8:161:Infinity":24,"b:160:10:160:Infinity:161:10:161:Infinity":25,"s:162:25:168:Infinity":65,"b:163:6:163:Infinity:164:6:168:Infinity":26,"b:165:8:165:Infinity:166:8:168:Infinity":27,"b:167:10:167:Infinity:168:10:168:Infinity":28,"s:169:22:183:Infinity":66,"b:170:6:176:Infinity:177:6:183:Infinity":29,"b:171:8:171:Infinity:172:8:176:Infinity":30,"b:173:10:173:Infinity:174:10:176:Infinity":31,"b:175:12:175:Infinity:176:12:176:Infinity":32,"b:178:8:178:Infinity:179:8:183:Infinity":33,"b:180:10:180:Infinity:181:10:183:Infinity":34,"b:182:12:182:Infinity:183:12:183:Infinity":35,"s:184:2:243:Infinity":67,"b:187:9:187:Infinity:188:10:201:Infinity":36,"f:197:12:197:23":8,"s:198:14:198:Infinity":68,"s:199:14:199:Infinity":69,"f:199:14:199:30":9,"s:199:43:199:76":70,"b:203:9:203:Infinity:204:10:213:Infinity":37,"b:205:50:205:67:205:67:205:Infinity":38,"b:205:26:205:40:205:40:205:50":39,"f:208:12:208:23":10,"s:209:14:209:Infinity":71,"s:210:14:210:Infinity":72,"f:210:14:210:30":11,"s:210:43:210:79":73,"b:219:8:219:28:219:28:219:Infinity:220:8:223:Infinity":40,"b:225:7:225:20:225:20:225:Infinity:226:8:231:Infinity":41,"b:227:24:227:54:227:54:227:Infinity":42,"b:228:33:228:44:228:44:228:Infinity":43,"b:229:26:229:38:229:38:229:Infinity":44,"b:233:7:233:Infinity:234:8:236:Infinity":45,"b:238:8:238:20:238:20:238:Infinity:239:8:241:Infinity":46},"fnNames":{}}}
,"/Users/siddanthmacherla/career-agent/apps/web/src/features/auth/validation.ts": {"path":"/Users/siddanthmacherla/career-agent/apps/web/src/features/auth/validation.ts","statementMap":{"0":{"start":{"line":1,"column":35},"end":{"line":1,"column":null}},"1":{"start":{"line":9,"column":2},"end":{"line":9,"column":null}},"2":{"start":{"line":13,"column":35},"end":{"line":13,"column":null}},"3":{"start":{"line":14,"column":21},"end":{"line":14,"column":null}},"4":{"start":{"line":15,"column":2},"end":{"line":17,"column":null}},"5":{"start":{"line":16,"column":4},"end":{"line":16,"column":null}},"6":{"start":{"line":18,"column":2},"end":{"line":20,"column":null}},"7":{"start":{"line":19,"column":4},"end":{"line":19,"column":null}},"8":{"start":{"line":21,"column":2},"end":{"line":21,"column":null}}},"fnMap":{"0":{"name":"validateEmail","decl":{"start":{"line":8,"column":16},"end":{"line":8,"column":30}},"loc":{"start":{"line":8,"column":65},"end":{"line":10,"column":null}},"line":8},"1":{"name":"validateCredentials","decl":{"start":{"line":12,"column":16},"end":{"line":12,"column":36}},"loc":{"start":{"line":12,"column":87},"end":{"line":22,"column":null}},"line":12}},"branchMap":{"0":{"loc":{"start":{"line":9,"column":9},"end":{"line":9,"column":null}},"type":"cond-expr","locations":[{"start":{"line":9,"column":47},"end":{"line":9,"column":59}},{"start":{"line":9,"column":59},"end":{"line":9,"column":null}}],"line":9},"1":{"loc":{"start":{"line":15,"column":2},"end":{"line":17,"column":null}},"type":"if","locations":[{"start":{"line":15,"column":2},"end":{"line":17,"column":null}},{"start":{},"end":{}}],"line":15},"2":{"loc":{"start":{"line":18,"column":2},"end":{"line":20,"column":null}},"type":"if","locations":[{"start":{"line":18,"column":2},"end":{"line":20,"column":null}},{"start":{},"end":{}}],"line":18}},"s":{"0":1,"1":0,"2":0,"3":0,"4":0,"5":0,"6":0,"7":0,"8":0},"f":{"0":0,"1":0},"b":{"0":[0,0],"1":[0,0],"2":[0,0]},"meta":{"lastBranch":3,"lastFunction":2,"lastStatement":9,"seen":{"s:1:35:1:Infinity":0,"f:8:16:8:30":0,"s:9:2:9:Infinity":1,"b:9:47:9:59:9:59:9:Infinity":0,"f:12:16:12:36":1,"s:13:35:13:Infinity":2,"s:14:21:14:Infinity":3,"b:15:2:17:Infinity:undefined:undefined:undefined:undefined":1,"s:15:2:17:Infinity":4,"s:16:4:16:Infinity":5,"b:18:2:20:Infinity:undefined:undefined:undefined:undefined":2,"s:18:2:20:Infinity":6,"s:19:4:19:Infinity":7,"s:21:2:21:Infinity":8},"fnNames":{}}}
,"/Users/siddanthmacherla/career-agent/apps/web/src/features/auth/components/AuthDivider.tsx": {"path":"/Users/siddanthmacherla/career-agent/apps/web/src/features/auth/components/AuthDivider.tsx","statementMap":{"0":{"start":{"line":2,"column":2},"end":{"line":5,"column":null}}},"fnMap":{"0":{"name":"AuthDivider","decl":{"start":{"line":1,"column":16},"end":{"line":1,"column":30}},"loc":{"start":{"line":1,"column":30},"end":{"line":7,"column":null}},"line":1}},"branchMap":{},"s":{"0":0},"f":{"0":0},"b":{},"meta":{"lastBranch":0,"lastFunction":1,"lastStatement":1,"seen":{"f:1:16:1:30":0,"s:2:2:5:Infinity":0},"fnNames":{}}}
,"/Users/siddanthmacherla/career-agent/apps/web/src/features/auth/components/AuthLayout.tsx": {"path":"/Users/siddanthmacherla/career-agent/apps/web/src/features/auth/components/AuthLayout.tsx","statementMap":{"0":{"start":{"line":20,"column":2},"end":{"line":73,"column":null}}},"fnMap":{"0":{"name":"AuthLayout","decl":{"start":{"line":5,"column":16},"end":{"line":5,"column":27}},"loc":{"start":{"line":19,"column":3},"end":{"line":75,"column":null}},"line":19}},"branchMap":{"0":{"loc":{"start":{"line":11,"column":2},"end":{"line":11,"column":null}},"type":"default-arg","locations":[{"start":{"line":11,"column":12},"end":{"line":11,"column":null}}],"line":11},"1":{"loc":{"start":{"line":56,"column":13},"end":{"line":57,"column":null}},"type":"binary-expr","locations":[{"start":{"line":56,"column":13},"end":{"line":56,"column":31}},{"start":{"line":56,"column":31},"end":{"line":57,"column":null}}],"line":56},"2":{"loc":{"start":{"line":58,"column":11},"end":{"line":61,"column":null}},"type":"binary-expr","locations":[{"start":{"line":58,"column":11},"end":{"line":58,"column":null}},{"start":{"line":59,"column":12},"end":{"line":61,"column":null}}],"line":58},"3":{"loc":{"start":{"line":63,"column":11},"end":{"line":68,"column":null}},"type":"binary-expr","locations":[{"start":{"line":63,"column":11},"end":{"line":63,"column":null}},{"start":{"line":64,"column":12},"end":{"line":68,"column":null}}],"line":63}},"s":{"0":0},"f":{"0":0},"b":{"0":[0],"1":[0,0],"2":[0,0],"3":[0,0]},"meta":{"lastBranch":4,"lastFunction":1,"lastStatement":1,"seen":{"f:5:16:5:27":0,"b:11:12:11:Infinity":0,"s:20:2:73:Infinity":0,"b:56:13:56:31:56:31:57:Infinity":1,"b:58:11:58:Infinity:59:12:61:Infinity":2,"b:63:11:63:Infinity:64:12:68:Infinity":3},"fnNames":{}}}
,"/Users/siddanthmacherla/career-agent/apps/web/src/features/auth/components/OAuthButton.tsx": {"path":"/Users/siddanthmacherla/career-agent/apps/web/src/features/auth/components/OAuthButton.tsx","statementMap":{"0":{"start":{"line":3,"column":17},"end":{"line":3,"column":null}},"1":{"start":{"line":6,"column":2},"end":{"line":13,"column":null}}},"fnMap":{"0":{"name":"OAuthButton","decl":{"start":{"line":5,"column":16},"end":{"line":5,"column":28}},"loc":{"start":{"line":5,"column":65},"end":{"line":15,"column":null}},"line":5}},"branchMap":{"0":{"loc":{"start":{"line":3,"column":17},"end":{"line":3,"column":null}},"type":"binary-expr","locations":[{"start":{"line":3,"column":17},"end":{"line":3,"column":50}},{"start":{"line":3,"column":50},"end":{"line":3,"column":null}}],"line":3},"1":{"loc":{"start":{"line":11,"column":13},"end":{"line":11,"column":77}},"type":"cond-expr","locations":[{"start":{"line":11,"column":24},"end":{"line":11,"column":48}},{"start":{"line":11,"column":48},"end":{"line":11,"column":77}}],"line":11}},"s":{"0":1,"1":0},"f":{"0":0},"b":{"0":[1,1],"1":[0,0]},"meta":{"lastBranch":2,"lastFunction":1,"lastStatement":2,"seen":{"s:3:17:3:Infinity":0,"b:3:17:3:50:3:50:3:Infinity":0,"f:5:16:5:28":0,"s:6:2:13:Infinity":1,"b:11:24:11:48:11:48:11:77":1},"fnNames":{}}}
[...]
,"/Users/siddanthmacherla/career-agent/apps/web/src/shared/ui/Skeleton.tsx": {"path":"/Users/siddanthmacherla/career-agent/apps/web/src/shared/ui/Skeleton.tsx","statementMap":{"0":{"start":{"line":2,"column":2},"end":{"line":2,"column":null}},"1":{"start":{"line":6,"column":2},"end":{"line":11,"column":null}},"2":{"start":{"line":9,"column":8},"end":{"line":9,"column":null}},"3":{"start":{"line":16,"column":2},"end":{"line":21,"column":null}},"4":{"start":{"line":26,"column":2},"end":{"line":26,"column":null}},"5":{"start":{"line":30,"column":2},"end":{"line":34,"column":null}}},"fnMap":{"0":{"name":"Skeleton","decl":{"start":{"line":1,"column":16},"end":{"line":1,"column":25}},"loc":{"start":{"line":1,"column":69},"end":{"line":3,"column":null}},"line":1},"1":{"name":"SkeletonText","decl":{"start":{"line":5,"column":16},"end":{"line":5,"column":29}},"loc":{"start":{"line":5,"column":64},"end":{"line":13,"column":null}},"line":5},"2":{"name":"(anonymous_2)","decl":{"start":{"line":8,"column":34},"end":{"line":8,"column":38}},"loc":{"start":{"line":9,"column":8},"end":{"line":9,"column":null}},"line":9},"3":{"name":"SkeletonCard","decl":{"start":{"line":15,"column":16},"end":{"line":15,"column":31}},"loc":{"start":{"line":15,"column":31},"end":{"line":23,"column":null}},"line":15},"4":{"name":"SkeletonAvatar","decl":{"start":{"line":25,"column":16},"end":{"line":25,"column":33}},"loc":{"start":{"line":25,"column":33},"end":{"line":27,"column":null}},"line":25},"5":{"name":"SkeletonRow","decl":{"start":{"line":29,"column":16},"end":{"line":29,"column":30}},"loc":{"start":{"line":29,"column":30},"end":{"line":36,"column":null}},"line":29}},"branchMap":{"0":{"loc":{"start":{"line":1,"column":27},"end":{"line":1,"column":69}},"type":"default-arg","locations":[{"start":{"line":1,"column":39},"end":{"line":1,"column":69}}],"line":1},"1":{"loc":{"start":{"line":5,"column":31},"end":{"line":5,"column":64}},"type":"default-arg","locations":[{"start":{"line":5,"column":39},"end":{"line":5,"column":64}}],"line":5},"2":{"loc":{"start":{"line":9,"column":29},"end":{"line":9,"column":82}},"type":"cond-expr","locations":[{"start":{"line":9,"column":51},"end":{"line":9,"column":73}},{"start":{"line":9,"column":73},"end":{"line":9,"column":82}}],"line":9}},"s":{"0":322,"1":56,"2":168,"3":56,"4":0,"5":0},"f":{"0":322,"1":56,"2":168,"3":56,"4":0,"5":0},"b":{"0":[322],"1":[56],"2":[56,112]},"meta":{"lastBranch":3,"lastFunction":6,"lastStatement":6,"seen":{"f:1:16:1:25":0,"b:1:39:1:69":0,"s:2:2:2:Infinity":0,"f:5:16:5:29":1,"b:5:39:5:64":1,"s:6:2:11:Infinity":1,"f:8:34:8:38":2,"s:9:8:9:Infinity":2,"b:9:51:9:73:9:73:9:82":2,"f:15:16:15:31":3,"s:16:2:21:Infinity":3,"f:25:16:25:33":4,"s:26:2:26:Infinity":4,"f:29:16:29:30":5,"s:30:2:34:Infinity":5},"fnNames":{}}}
,"/Users/siddanthmacherla/career-agent/apps/web/src/shared/ui/Spinner.tsx": {"path":"/Users/siddanthmacherla/career-agent/apps/web/src/shared/ui/Spinner.tsx","statementMap":{"0":{"start":{"line":4,"column":2},"end":{"line":5,"column":null}}},"fnMap":{"0":{"name":"Spinner","decl":{"start":{"line":3,"column":16},"end":{"line":3,"column":24}},"loc":{"start":{"line":3,"column":81},"end":{"line":7,"column":null}},"line":3}},"branchMap":{"0":{"loc":{"start":{"line":3,"column":26},"end":{"line":3,"column":37}},"type":"default-arg","locations":[{"start":{"line":3,"column":33},"end":{"line":3,"column":37}}],"line":3}},"s":{"0":19},"f":{"0":19},"b":{"0":[19]},"meta":{"lastBranch":1,"lastFunction":1,"lastStatement":1,"seen":{"f:3:16:3:24":0,"b:3:33:3:37":0,"s:4:2:5:Infinity":0},"fnNames":{}}}
,"/Users/siddanthmacherla/career-agent/apps/web/src/shared/ui/Tabs.tsx": {"path":"/Users/siddanthmacherla/career-agent/apps/web/src/shared/ui/Tabs.tsx","statementMap":{"0":{"start":{"line":14,"column":42},"end":{"line":19,"column":null}},"1":{"start":{"line":17,"column":32},"end":{"line":17,"column":49}},"2":{"start":{"line":20,"column":15},"end":{"line":20,"column":null}},"3":{"start":{"line":21,"column":8},"end":{"line":34,"column":null}},"4":{"start":{"line":22,"column":4},"end":{"line":22,"column":null}},"5":{"start":{"line":22,"column":90},"end":{"line":22,"column":null}},"6":{"start":{"line":23,"column":4},"end":{"line":23,"column":null}},"7":{"start":{"line":24,"column":22},"end":{"line":24,"column":null}},"8":{"start":{"line":26,"column":6},"end":{"line":30,"column":null}},"9":{"start":{"line":31,"column":4},"end":{"line":31,"column":null}},"10":{"start":{"line":32,"column":4},"end":{"line":32,"column":null}},"11":{"start":{"line":33,"column":4},"end":{"line":33,"column":null}},"12":{"start":{"line":36,"column":2},"end":{"line":60,"column":null}},"13":{"start":{"line":39,"column":8},"end":{"line":58,"column":null}},"14":{"start":{"line":44,"column":12},"end":{"line":44,"column":null}},"15":{"start":{"line":50,"column":12},"end":{"line":50,"column":null}},"16":{"start":{"line":51,"column":12},"end":{"line":51,"column":null}}},"fnMap":{"0":{"name":"Tabs","decl":{"start":{"line":5,"column":16},"end":{"line":5,"column":21}},"loc":{"start":{"line":13,"column":3},"end":{"line":62,"column":null}},"line":13},"1":{"name":"(anonymous_1)","decl":{"start":{"line":17,"column":12},"end":{"line":17,"column":23}},"loc":{"start":{"line":17,"column":32},"end":{"line":17,"column":49}},"line":17},"2":{"name":"(anonymous_2)","decl":{"start":{"line":21,"column":8},"end":{"line":21,"column":25}},"loc":{"start":{"line":21,"column":69},"end":{"line":34,"column":null}},"line":21},"3":{"name":"(anonymous_3)","decl":{"start":{"line":38,"column":13},"end":{"line":38,"column":18}},"loc":{"start":{"line":39,"column":8},"end":{"line":58,"column":null}},"line":39},"4":{"name":"(anonymous_4)","decl":{"start":{"line":43,"column":10},"end":{"line":43,"column":16}},"loc":{"start":{"line":43,"column":28},"end":{"line":45,"column":null}},"line":43},"5":{"name":"(anonymous_5)","decl":{"start":{"line":49,"column":10},"end":{"line":49,"column":25}},"loc":{"start":{"line":49,"column":25},"end":{"line":52,"column":null}},"line":49}},"branchMap":{"0":{"loc":{"start":{"line":22,"column":4},"end":{"line":22,"column":null}},"type":"if","locations":[{"start":{"line":22,"column":4},"end":{"line":22,"column":null}},{"start":{},"end":{}}],"line":22},"1":{"loc":{"start":{"line":22,"column":8},"end":{"line":22,"column":90}},"type":"binary-expr","locations":[{"start":{"line":22,"column":8},"end":{"line":22,"column":25}},{"start":{"line":22,"column":25},"end":{"line":22,"column":90}}],"line":22},"2":{"loc":{"start":{"line":24,"column":22},"end":{"line":24,"column":null}},"type":"cond-expr","locations":[{"start":{"line":24,"column":50},"end":{"line":24,"column":55}},{"start":{"line":24,"column":55},"end":{"line":24,"column":null}}],"line":24},"3":{"loc":{"start":{"line":24,"column":55},"end":{"line":24,"column":null}},"type":"cond-expr","locations":[{"start":{"line":24,"column":84},"end":{"line":24,"column":88}},{"start":{"line":24,"column":88},"end":{"line":24,"column":null}}],"line":24},"4":{"loc":{"start":{"line":26,"column":6},"end":{"line":30,"column":null}},"type":"cond-expr","locations":[{"start":{"line":27,"column":10},"end":{"line":27,"column":null}},{"start":{"line":28,"column":10},"end":{"line":30,"column":null}}],"line":26},"5":{"loc":{"start":{"line":28,"column":10},"end":{"line":30,"column":null}},"type":"cond-expr","locations":[{"start":{"line":29,"column":12},"end":{"line":29,"column":null}},{"start":{"line":29,"column":27},"end":{"line":30,"column":null}}],"line":28},"6":{"loc":{"start":{"line":41,"column":31},"end":{"line":41,"column":null}},"type":"cond-expr","locations":[{"start":{"line":41,"column":51},"end":{"line":41,"column":69}},{"start":{"line":41,"column":69},"end":{"line":41,"column":null}}],"line":41},"7":{"loc":{"start":{"line":47,"column":20},"end":{"line":47,"column":null}},"type":"cond-expr","locations":[{"start":{"line":47,"column":40},"end":{"line":47,"column":44}},{"start":{"line":47,"column":44},"end":{"line":47,"column":null}}],"line":47}},"s":{"0":0,"1":0,"2":0,"3":0,"4":0,"5":0,"6":0,"7":0,"8":0,"9":0,"10":0,"11":0,"12":0,"13":0,"14":0,"15":0,"16":0},"f":{"0":0,"1":0,"2":0,"3":0,"4":0,"5":0},"b":{"0":[0,0],"1":[0,0],"2":[0,0],"3":[0,0],"4":[0,0],"5":[0,0],"6":[0,0],"7":[0,0]},"meta":{"lastBranch":8,"lastFunction":6,"lastStatement":17,"seen":{"f:5:16:5:21":0,"s:14:42:19:Infinity":0,"f:17:12:17:23":1,"s:17:32:17:49":1,"s:20:15:20:Infinity":2,"s:21:8:34:Infinity":3,"f:21:8:21:25":2,"b:22:4:22:Infinity:undefined:undefined:undefined:undefined":0,"s:22:4:22:Infinity":4,"b:22:8:22:25:22:25:22:90":1,"s:22:90:22:Infinity":5,"s:23:4:23:Infinity":6,"s:24:22:24:Infinity":7,"b:24:50:24:55:24:55:24:Infinity":2,"b:24:84:24:88:24:88:24:Infinity":3,"s:26:6:30:Infinity":8,"b:27:10:27:Infinity:28:10:30:Infinity":4,"b:29:12:29:Infinity:29:27:30:Infinity":5,"s:31:4:31:Infinity":9,"s:32:4:32:Infinity":10,"s:33:4:33:Infinity":11,"s:36:2:60:Infinity":12,"f:38:13:38:18":3,"s:39:8:58:Infinity":13,"b:41:51:41:69:41:69:41:Infinity":6,"f:43:10:43:16":4,"s:44:12:44:Infinity":14,"b:47:40:47:44:47:44:47:Infinity":7,"f:49:10:49:25":5,"s:50:12:50:Infinity":15,"s:51:12:51:Infinity":16},"fnNames":{}}}
,"/Users/siddanthmacherla/career-agent/apps/web/src/shared/ui/ThemeProvider.tsx": {"path":"/Users/siddanthmacherla/career-agent/apps/web/src/shared/ui/ThemeProvider.tsx","statementMap":{"0":{"start":{"line":6,"column":18},"end":{"line":6,"column":null}},"1":{"start":{"line":9,"column":2},"end":{"line":9,"column":null}},"2":{"start":{"line":9,"column":37},"end":{"line":9,"column":null}},"3":{"start":{"line":10,"column":17},"end":{"line":10,"column":null}},"4":{"start":{"line":11,"column":2},"end":{"line":11,"column":null}},"5":{"start":{"line":21,"column":28},"end":{"line":21,"column":null}},"6":{"start":{"line":21,"column":50},"end":{"line":21,"column":79}},"7":{"start":{"line":23,"column":2},"end":{"line":26,"column":null}},"8":{"start":{"line":24,"column":4},"end":{"line":24,"column":null}},"9":{"start":{"line":25,"column":4},"end":{"line":25,"column":null}},"10":{"start":{"line":28,"column":2},"end":{"line":28,"column":null}}},"fnMap":{"0":{"name":"readStoredTheme","decl":{"start":{"line":8,"column":9},"end":{"line":8,"column":25}},"loc":{"start":{"line":8,"column":53},"end":{"line":12,"column":null}},"line":8},"1":{"name":"ThemeProvider","decl":{"start":{"line":14,"column":16},"end":{"line":14,"column":30}},"loc":{"start":{"line":20,"column":3},"end":{"line":29,"column":null}},"line":20},"2":{"name":"(anonymous_2)","decl":{"start":{"line":21,"column":28},"end":{"line":21,"column":50}},"loc":{"start":{"line":21,"column":50},"end":{"line":21,"column":79}},"line":21},"3":{"name":"(anonymous_3)","decl":{"start":{"line":23,"column":2},"end":{"line":23,"column":18}},"loc":{"start":{"line":23,"column":18},"end":{"line":26,"column":5}},"line":23}},"branchMap":{"0":{"loc":{"start":{"line":9,"column":2},"end":{"line":9,"column":null}},"type":"if","locations":[{"start":{"line":9,"column":2},"end":{"line":9,"column":null}},{"start":{},"end":{}}],"line":9},"1":{"loc":{"start":{"line":11,"column":9},"end":{"line":11,"column":null}},"type":"cond-expr","locations":[{"start":{"line":11,"column":51},"end":{"line":11,"column":60}},{"start":{"line":11,"column":60},"end":{"line":11,"column":null}}],"line":11},"2":{"loc":{"start":{"line":11,"column":9},"end":{"line":11,"column":51}},"type":"binary-expr","locations":[{"start":{"line":11,"column":9},"end":{"line":11,"column":31}},{"start":{"line":11,"column":31},"end":{"line":11,"column":51}}],"line":11},"3":{"loc":{"start":{"line":16,"column":2},"end":{"line":16,"column":null}},"type":"default-arg","locations":[{"start":{"line":16,"column":17},"end":{"line":16,"column":null}}],"line":16}},"s":{"0":1,"1":3,"2":0,"3":3,"4":3,"5":3,"6":3,"7":3,"8":3,"9":3,"10":3},"f":{"0":3,"1":3,"2":3,"3":3},"b":{"0":[0,3],"1":[2,1],"2":[3,3],"3":[3]},"meta":{"lastBranch":4,"lastFunction":4,"lastStatement":11,"seen":{"s:6:18:6:Infinity":0,"f:8:9:8:25":0,"b:9:2:9:Infinity:undefined:undefined:undefined:undefined":0,"s:9:2:9:Infinity":1,"s:9:37:9:Infinity":2,"s:10:17:10:Infinity":3,"s:11:2:11:Infinity":4,"b:11:51:11:60:11:60:11:Infinity":1,"b:11:9:11:31:11:31:11:51":2,"f:14:16:14:30":1,"b:16:17:16:Infinity":3,"s:21:28:21:Infinity":5,"f:21:28:21:50":2,"s:21:50:21:79":6,"s:23:2:26:Infinity":7,"f:23:2:23:18":3,"s:24:4:24:Infinity":8,"s:25:4:25:Infinity":9,"s:28:2:28:Infinity":10},"fnNames":{}}}
,"/Users/siddanthmacherla/career-agent/apps/web/src/shared/ui/Toast.tsx": {"path":"/Users/siddanthmacherla/career-agent/apps/web/src/shared/ui/Toast.tsx","statementMap":{"0":{"start":{"line":5,"column":14},"end":{"line":10,"column":null}},"1":{"start":{"line":23,"column":15},"end":{"line":23,"column":null}},"2":{"start":{"line":24,"column":2},"end":{"line":41,"column":null}}},"fnMap":{"0":{"name":"Toast","decl":{"start":{"line":12,"column":16},"end":{"line":12,"column":22}},"loc":{"start":{"line":22,"column":3},"end":{"line":43,"column":null}},"line":22}},"branchMap":{"0":{"loc":{"start":{"line":16,"column":2},"end":{"line":16,"column":null}},"type":"default-arg","locations":[{"start":{"line":16,"column":12},"end":{"line":16,"column":null}}],"line":16},"1":{"loc":{"start":{"line":25,"column":58},"end":{"line":25,"column":null}},"type":"cond-expr","locations":[{"start":{"line":25,"column":80},"end":{"line":25,"column":90}},{"start":{"line":25,"column":90},"end":{"line":25,"column":null}}],"line":25},"2":{"loc":{"start":{"line":28,"column":9},"end":{"line":29,"column":9}},"type":"binary-expr","locations":[{"start":{"line":28,"column":9},"end":{"line":28,"column":18}},{"start":{"line":28,"column":18},"end":{"line":29,"column":9}}],"line":28},"3":{"loc":{"start":{"line":31,"column":7},"end":{"line":39,"column":null}},"type":"binary-expr","locations":[{"start":{"line":31,"column":7},"end":{"line":31,"column":null}},{"start":{"line":32,"column":8},"end":{"line":39,"column":null}}],"line":31}},"s":{"0":2,"1":35,"2":35},"f":{"0":35},"b":{"0":[35],"1":[25,10],"2":[35,10],"3":[35,35]},"meta":{"lastBranch":4,"lastFunction":1,"lastStatement":3,"seen":{"s:5:14:10:Infinity":0,"f:12:16:12:22":0,"b:16:12:16:Infinity":0,"s:23:15:23:Infinity":1,"s:24:2:41:Infinity":2,"b:25:80:25:90:25:90:25:Infinity":1,"b:28:9:28:18:28:18:29:9":2,"b:31:7:31:Infinity:32:8:39:Infinity":3},"fnNames":{}}}
,"/Users/siddanthmacherla/career-agent/apps/web/src/shared/ui/UserMenu.tsx": {"path":"/Users/siddanthmacherla/career-agent/apps/web/src/shared/ui/UserMenu.tsx","statementMap":{"0":{"start":{"line":21,"column":8},"end":{"line":21,"column":null}},"1":{"start":{"line":22,"column":40},"end":{"line":22,"column":null}},"2":{"start":{"line":24,"column":2},"end":{"line":69,"column":null}},"3":{"start":{"line":46,"column":37},"end":{"line":46,"column":null}},"4":{"start":{"line":51,"column":28},"end":{"line":51,"column":51}},"5":{"start":{"line":54,"column":51},"end":{"line":54,"column":74}},"6":{"start":{"line":61,"column":14},"end":{"line":61,"column":null}},"7":{"start":{"line":62,"column":14},"end":{"line":62,"column":null}}},"fnMap":{"0":{"name":"UserMenu","decl":{"start":{"line":8,"column":16},"end":{"line":8,"column":25}},"loc":{"start":{"line":20,"column":3},"end":{"line":71,"column":null}},"line":20},"1":{"name":"(anonymous_1)","decl":{"start":{"line":46,"column":22},"end":{"line":46,"column":37}},"loc":{"start":{"line":46,"column":37},"end":{"line":46,"column":null}},"line":46},"2":{"name":"(anonymous_2)","decl":{"start":{"line":51,"column":13},"end":{"line":51,"column":28}},"loc":{"start":{"line":51,"column":28},"end":{"line":51,"column":51}},"line":51},"3":{"name":"(anonymous_3)","decl":{"start":{"line":54,"column":36},"end":{"line":54,"column":51}},"loc":{"start":{"line":54,"column":51},"end":{"line":54,"column":74}},"line":54},"4":{"name":"(anonymous_4)","decl":{"start":{"line":60,"column":12},"end":{"line":60,"column":27}},"loc":{"start":{"line":60,"column":27},"end":{"line":63,"column":null}},"line":60}},"branchMap":{"0":{"loc":{"start":{"line":12,"column":2},"end":{"line":12,"column":null}},"type":"default-arg","locations":[{"start":{"line":12,"column":16},"end":{"line":12,"column":null}}],"line":12},"1":{"loc":{"start":{"line":13,"column":2},"end":{"line":13,"column":null}},"type":"default-arg","locations":[{"start":{"line":13,"column":17},"end":{"line":13,"column":null}}],"line":13},"2":{"loc":{"start":{"line":21,"column":20},"end":{"line":21,"column":40}},"type":"binary-expr","locations":[{"start":{"line":21,"column":20},"end":{"line":21,"column":35}},{"start":{"line":21,"column":35},"end":{"line":21,"column":40}}],"line":21},"3":{"loc":{"start":{"line":31,"column":15},"end":{"line":32,"column":15}},"type":"binary-expr","locations":[{"start":{"line":31,"column":15},"end":{"line":31,"column":30}},{"start":{"line":31,"column":30},"end":{"line":32,"column":15}}],"line":31}},"s":{"0":0,"1":0,"2":0,"3":0,"4":0,"5":0,"6":0,"7":0},"f":{"0":0,"1":0,"2":0,"3":0,"4":0},"b":{"0":[0],"1":[0],"2":[0,0],"3":[0,0]},"meta":{"lastBranch":4,"lastFunction":5,"lastStatement":8,"seen":{"f:8:16:8:25":0,"b:12:16:12:Infinity":0,"b:13:17:13:Infinity":1,"s:21:8:21:Infinity":0,"b:21:20:21:35:21:35:21:40":2,"s:22:40:22:Infinity":1,"s:24:2:69:Infinity":2,"b:31:15:31:30:31:30:32:15":3,"f:46:22:46:37":1,"s:46:37:46:Infinity":3,"f:51:13:51:28":2,"s:51:28:51:51":4,"f:54:36:54:51":3,"s:54:51:54:74":5,"f:60:12:60:27":4,"s:61:14:61:Infinity":6,"s:62:14:62:Infinity":7},"fnNames":{}}}
,"/Users/siddanthmacherla/career-agent/apps/web/src/shared/ui/theme-context.ts": {"path":"/Users/siddanthmacherla/career-agent/apps/web/src/shared/ui/theme-context.ts","statementMap":{"0":{"start":{"line":5,"column":28},"end":{"line":5,"column":null}}},"fnMap":{},"branchMap":{},"s":{"0":2},"f":{},"b":{},"meta":{"lastBranch":0,"lastFunction":0,"lastStatement":1,"seen":{"s:5:28:5:Infinity":0},"fnNames":{}}}
,"/Users/siddanthmacherla/career-agent/apps/web/src/shared/ui/useTheme.ts": {"path":"/Users/siddanthmacherla/career-agent/apps/web/src/shared/ui/useTheme.ts","statementMap":{"0":{"start":{"line":5,"column":18},"end":{"line":5,"column":null}},"1":{"start":{"line":6,"column":2},"end":{"line":6,"column":null}},"2":{"start":{"line":6,"column":16},"end":{"line":6,"column":null}},"3":{"start":{"line":7,"column":2},"end":{"line":7,"column":null}}},"fnMap":{"0":{"name":"useTheme","decl":{"start":{"line":4,"column":16},"end":{"line":4,"column":27}},"loc":{"start":{"line":4,"column":27},"end":{"line":8,"column":null}},"line":4}},"branchMap":{"0":{"loc":{"start":{"line":6,"column":2},"end":{"line":6,"column":null}},"type":"if","locations":[{"start":{"line":6,"column":2},"end":{"line":6,"column":null}},{"start":{},"end":{}}],"line":6}},"s":{"0":0,"1":0,"2":0,"3":0},"f":{"0":0},"b":{"0":[0,0]},"meta":{"lastBranch":1,"lastFunction":1,"lastStatement":4,"seen":{"f:4:16:4:27":0,"s:5:18:5:Infinity":0,"b:6:2:6:Infinity:undefined:undefined:undefined:undefined":0,"s:6:2:6:Infinity":1,"s:6:16:6:Infinity":2,"s:7:2:7:Infinity":3},"fnNames":{}}}
}
